
========================================
🤖 游戏机器人启动
   名称: Bot_Alice
   地址: TX27LjDqk64d4NvBXKT1taAYX5Dpf4JpL4
========================================

[11:39:06 PM] [Bot_Alice] 连接服务器...
[11:39:06 PM] [Bot_Alice] ✅ Socket连接成功
[11:39:08 PM] [Bot_Alice] 创建2人锦标赛 (configId: 3, mockGame: true)...
[11:39:08 PM] [Bot_Alice] 创建响应:
   {
  "success": true,
  "tournament": {
    "configId": 3,
    "status": "WAITING",
    "buyIn": 100000000,
    "playerCount": 2,
    "rakeRate": 500,
    "prizePool": 0,
    "rakeAmount": 0,
    "txHash": null,
    "startedAt": null,
    "endedAt": null,
    "finishedAt": null,
    "endReason": null,
    "cancelReason": null,
    "totalHands": 0,
    "mockGame": true,
    "_id": "69d3d39c0c499962e5b3caf0",
    "tournamentId": "1775489948252",
    "players": [],
    "config": {
      "playerCount": 2,
      "buyIn": 100000000,
      "rakeRate": 500,
      "initialChips": 10000000,
      "prizeDistribution": [
        10000
      ],
      "tournamentType": "SNG",
      "startMode": "INSTANT",
      "name": "2人赛 (100 TRX)"
    },
    "rankings": [],
    "createdAt": "2026-04-06T15:39:08.258Z",
    "updatedAt": "2026-04-06T15:39:08.258Z",
    "__v": 0,
    "id": "69d3d39c0c499962e5b3caf0"
  }
}
[11:39:08 PM] [Bot_Alice] ✅ 锦标赛创建成功: 1775489948252
[11:39:08 PM] [Bot_Alice] 发送 CS_TOURNAMENT_JOIN
[11:39:09 PM] [Bot_Alice] 发送 CS_TOURNAMENT_ROOM_JOIN
[11:39:09 PM] [Bot_Alice] ✅ 已加入锦标赛: 1775489948252
[11:39:09 PM] [Bot_Alice] ⏳ 等待你加入...
[11:39:09 PM] [Bot_Alice] 🌐 请访问: http://127.0.0.1:3001/tournament
