[config-overrides] Webpack config patched for ethers v5 compatibility
Creating an optimized production build...
Compiled with warnings.

./src/context/game/TournamentGameContext.js
  Line 108:10:  'showNftModal' is assigned a value but never used     no-unused-vars
  Line 108:24:  'setShowNftModal' is assigned a value but never used  no-unused-vars

./src/components/amm/LiquidityPanel.js
  Line 147:95:  'userAddress' is assigned a value but never used  no-unused-vars

./src/pages/DEX.js
  Line 148:22:  'connected' is assigned a value but never used  no-unused-vars
  Line 148:33:  'connect' is assigned a value but never used    no-unused-vars

./src/context/tron/TronContext.js
  Line 14:3:   'getCurrentNetwork' is defined but never used                                                                                                   no-unused-vars
  Line 148:6:  React Hook useEffect has missing dependencies: 'refreshBalances' and 'setTrxWalletBalance'. Either include them or remove the dependency array  react-hooks/exhaustive-deps
  Line 181:6:  React Hook useCallback has a missing dependency: 'refreshBalances'. Either include it or remove the dependency array                            react-hooks/exhaustive-deps
  Line 192:6:  React Hook useCallback has a missing dependency: 'setTrxWalletBalance'. Either include it or remove the dependency array                        react-hooks/exhaustive-deps
  Line 220:6:  React Hook useCallback has a missing dependency: 'setTrxWalletBalance'. Either include it or remove the dependency array                        react-hooks/exhaustive-deps

./src/pages/TournamentWaitingRoom.js
  Line 163:6:   React Hook useEffect has missing dependencies: 'fetchTournamentDetails', 'handlePlayerJoined', 'handlePlayerLeft', 'handleRoomJoined', 'handleTournamentCancelled', 'handleTournamentStarted', and 'handleTournamentUpdate'. Either include them or remove the dependency array  react-hooks/exhaustive-deps
  Line 190:6:   React Hook useCallback has a missing dependency: 'fetchTournamentDetails'. Either include it or remove the dependency array                                                                                                                                                      react-hooks/exhaustive-deps
  Line 195:6:   React Hook useCallback has a missing dependency: 'fetchTournamentDetails'. Either include it or remove the dependency array                                                                                                                                                      react-hooks/exhaustive-deps
  Line 325:15:  Emojis should be wrapped in <span>, have role="img", and have an accessible description with aria-label or aria-labelledby                                                                                                                                                       jsx-a11y/accessible-emoji

./src/pages/FairnessVerify.js
  Line 16:8:   'globalContext' is defined but never used    no-unused-vars
  Line 94:11:  'socket' is assigned a value but never used  no-unused-vars

./src/pages/DAO.js
  Line 170:6:  React Hook useEffect has missing dependencies: 'fetchChipBalance', 'fetchProposals', and 'fetchVotingPower'. Either include them or remove the dependency array  react-hooks/exhaustive-deps

./src/utils/accessLogger.js
  Line 195:42:  Unexpected mix of '&' and '|'  no-mixed-operators
  Line 195:48:  Unexpected mix of '&' and '|'  no-mixed-operators

./src/components/amm/PriceChart.js
  Line 197:75:  Implied eval. Consider passing a function instead of a string  no-implied-eval
  Line 198:75:  Implied eval. Consider passing a function instead of a string  no-implied-eval
  Line 199:75:  Implied eval. Consider passing a function instead of a string  no-implied-eval
  Line 200:75:  Implied eval. Consider passing a function instead of a string  no-implied-eval

./src/utils/interact.js
  Line 1:10:  'ethers' is defined but never used  no-unused-vars

./src/components/game/BrandingImage/BrandingImage.js
  Line 1:17:  'Component' is defined but never used                                                                      no-unused-vars
  Line 8:7:   img elements must have an alt prop, either with meaningful text, or an empty string for decorative images  jsx-a11y/alt-text

./src/pages/NotFoundPage.js
  Line 1:17:  'useContext' is defined but never used  no-unused-vars

./src/components/game/RotateDevicePrompt.js
  Line 1:17:  'useContext' is defined but never used  no-unused-vars

./src/components/game/GameUI.js
  Line 1:17:  'useContext' is defined but never used  no-unused-vars

./src/components/game/GameStateInfo.js
  Line 1:17:  'useContext' is defined but never used  no-unused-vars

./src/components/layout/AppLayout.js
  Line 1:39:  'useEffect' is defined but never used  no-unused-vars

./src/pages/Tournament.js
  Line 1:50:    'useCallback' is defined but never used                                                                                                   no-unused-vars
  Line 80:7:    'ChipRewardBadge' is assigned a value but never used                                                                                      no-unused-vars
  Line 266:6:   React Hook useEffect has missing dependencies: 'fetchConfigs' and 'fetchTournaments'. Either include them or remove the dependency array  react-hooks/exhaustive-deps
  Line 455:23:  'isMe' is assigned a value but never used                                                                                                 no-unused-vars
  Line 455:59:  Comparing to itself is potentially pointless                                                                                              no-self-compare
  Line 622:19:  Emojis should be wrapped in <span>, have role="img", and have an accessible description with aria-label or aria-labelledby                jsx-a11y/accessible-emoji
  Line 631:19:  Emojis should be wrapped in <span>, have role="img", and have an accessible description with aria-label or aria-labelledby                jsx-a11y/accessible-emoji
  Line 647:19:  Emojis should be wrapped in <span>, have role="img", and have an accessible description with aria-label or aria-labelledby                jsx-a11y/accessible-emoji

./src/pages/Landing.js
  Line 1:71:    'lazy' is defined but never used                                                                                                                no-unused-vars
  Line 33:3:    'getGameSession' is defined but never used                                                                                                      no-unused-vars
  Line 36:3:    'isAuthorizedDelegate' is defined but never used                                                                                                no-unused-vars
  Line 37:3:    'getPlayerDelegate' is defined but never used                                                                                                   no-unused-vars
  Line 102:10:  'withdrawAmount' is assigned a value but never used                                                                                             no-unused-vars
  Line 102:26:  'setWithdrawAmount' is assigned a value but never used                                                                                          no-unused-vars
  Line 103:10:  'refreshing' is assigned a value but never used                                                                                                 no-unused-vars
  Line 141:6:   React Hook useEffect has a missing dependency: 'setWalletAddress'. Either include it or remove the dependency array                             react-hooks/exhaustive-deps
  Line 191:6:   React Hook useEffect has missing dependencies: 'setContractBalance' and 'setWalletBalance'. Either include them or remove the dependency array  react-hooks/exhaustive-deps
  Line 459:9:   'handleWithdrawAll' is assigned a value but never used                                                                                          no-unused-vars
  Line 749:66:  Unnecessary escape character: \"                                                                                                                no-useless-escape
  Line 749:82:  Unnecessary escape character: \"                                                                                                                no-useless-escape
  Line 893:25:  Emojis should be wrapped in <span>, have role="img", and have an accessible description with aria-label or aria-labelledby                      jsx-a11y/accessible-emoji
  Line 1175:7:  'RefreshButton' is assigned a value but never used                                                                                              no-unused-vars
  Line 1339:7:  'FeatureSection' is assigned a value but never used                                                                                             no-unused-vars

./src/components/admin/EmergencyControls.js
  Line 20:6:    React Hook useEffect has a missing dependency: 'fetchPauseState'. Either include it or remove the dependency array          react-hooks/exhaustive-deps
  Line 54:13:   'tx' is assigned a value but never used                                                                                     no-unused-vars
  Line 75:13:   'tx' is assigned a value but never used                                                                                     no-unused-vars
  Line 130:13:  Emojis should be wrapped in <span>, have role="img", and have an accessible description with aria-label or aria-labelledby  jsx-a11y/accessible-emoji
  Line 146:11:  Emojis should be wrapped in <span>, have role="img", and have an accessible description with aria-label or aria-labelledby  jsx-a11y/accessible-emoji

./src/components/admin/RakeWithdraw.js
  Line 22:6:  React Hook useEffect has a missing dependency: 'fetchRakeInfo'. Either include it or remove the dependency array  react-hooks/exhaustive-deps

./src/components/admin/AuditLog.js
  Line 24:6:  React Hook useEffect has a missing dependency: 'fetchLogs'. Either include it or remove the dependency array  react-hooks/exhaustive-deps

./src/pages/Play.js
  Line 24:7:    'toastMixin' is assigned a value but never used                                                                             no-unused-vars
  Line 41:9:    'location' is assigned a value but never used                                                                               no-unused-vars
  Line 148:15:  Emojis should be wrapped in <span>, have role="img", and have an accessible description with aria-label or aria-labelledby  jsx-a11y/accessible-emoji
  Line 289:25:  Emojis should be wrapped in <span>, have role="img", and have an accessible description with aria-label or aria-labelledby  jsx-a11y/accessible-emoji

./src/components/admin/RakeManagement.js
  Line 25:6:   React Hook useEffect has a missing dependency: 'fetchRakeInfo'. Either include it or remove the dependency array            react-hooks/exhaustive-deps
  Line 210:9:  Emojis should be wrapped in <span>, have role="img", and have an accessible description with aria-label or aria-labelledby  jsx-a11y/accessible-emoji

./src/components/admin/AdminDashboard.js
  Line 25:6:  React Hook useEffect has a missing dependency: 'fetchStats'. Either include it or remove the dependency array               react-hooks/exhaustive-deps
  Line 81:9:  Emojis should be wrapped in <span>, have role="img", and have an accessible description with aria-label or aria-labelledby  jsx-a11y/accessible-emoji

./src/components/admin/TransactionHistory.js
  Line 25:6:  React Hook useEffect has a missing dependency: 'fetchTransactions'. Either include it or remove the dependency array  react-hooks/exhaustive-deps

./src/context/game/GameState.js
  Line 26:3:  'CS_AI_STATS' is defined but never used  no-unused-vars

./src/components/game/Seat/Seat.js
  Line 2:8:    'Button' is defined but never used                 no-unused-vars
  Line 3:8:    'modalContext' is defined but never used           no-unused-vars
  Line 5:10:   'ButtonGroup' is defined but never used            no-unused-vars
  Line 6:10:   'Form' is defined but never used                   no-unused-vars
  Line 7:10:   'FormGroup' is defined but never used              no-unused-vars
  Line 8:10:   'Input' is defined but never used                  no-unused-vars
  Line 14:8:   'ColoredText' is defined but never used            no-unused-vars
  Line 15:8:   'PokerChip' is defined but never used              no-unused-vars
  Line 19:10:  'NameTag' is defined but never used                no-unused-vars
  Line 25:10:  'convertOmittedAddress' is defined but never used  no-unused-vars
  Line 29:11:  'chipsAmount' is assigned a value but never used   no-unused-vars
  Line 30:11:  'standUp' is assigned a value but never used       no-unused-vars
  Line 30:28:  'rebuy' is assigned a value but never used         no-unused-vars
  Line 34:9:   'maxBuyin' is assigned a value but never used      no-unused-vars
  Line 35:9:   'minBuyIn' is assigned a value but never used      no-unused-vars

./src/components/game/ChipsAmountPill.js
  Line 2:8:   'PokerChip' is defined but never used                                                                      no-unused-vars
  Line 3:10:  'Input' is defined but never used                                                                          no-unused-vars
  Line 4:8:   'styled' is defined but never used                                                                         no-unused-vars
  Line 12:7:  img elements must have an alt prop, either with meaningful text, or an empty string for decorative images  jsx-a11y/alt-text

./src/components/icons/BigBlindButton.js
  Line 2:8:  'PropTypes' is defined but never used                                                                      no-unused-vars
  Line 6:3:  img elements must have an alt prop, either with meaningful text, or an empty string for decorative images  jsx-a11y/alt-text

./src/components/icons/DealerButton.js
  Line 2:8:  'PropTypes' is defined but never used                                                                      no-unused-vars
  Line 6:3:  img elements must have an alt prop, either with meaningful text, or an empty string for decorative images  jsx-a11y/alt-text

./src/components/icons/SmallBlindButton.js
  Line 2:8:  'PropTypes' is defined but never used                                                                      no-unused-vars
  Line 6:3:  img elements must have an alt prop, either with meaningful text, or an empty string for decorative images  jsx-a11y/alt-text

./src/App.js
  Line 2:8:  'globalContext' is defined but never used  no-unused-vars

./src/context/amm/AMMContext.js
  Line 34:19:  'setError' is assigned a value but never used  no-unused-vars

./src/pages/NFTGallery.js
  Line 355:10:  'mintingStatus' is assigned a value but never used                                                                                                                      no-unused-vars
  Line 356:10:  'monthlyLimits' is assigned a value but never used                                                                                                                      no-unused-vars
  Line 356:25:  'setMonthlyLimits' is assigned a value but never used                                                                                                                   no-unused-vars
  Line 404:6:   React Hook useEffect has a missing dependency: 'fetchNFTs'. Either include it or remove the dependency array                                                            react-hooks/exhaustive-deps
  Line 417:6:   React Hook useEffect has missing dependencies: 'handleAchievementEarned', 'handleMintError', and 'handleMintReady'. Either include them or remove the dependency array  react-hooks/exhaustive-deps
  Line 443:6:   React Hook useCallback has missing dependencies: 'achievementTypes' and 'startMintProcess'. Either include them or remove the dependency array                          react-hooks/exhaustive-deps
  Line 465:11:  Emojis should be wrapped in <span>, have role="img", and have an accessible description with aria-label or aria-labelledby                                              jsx-a11y/accessible-emoji
  Line 552:6:   React Hook useCallback has missing dependencies: 'achievementTypes', 'handleMintError', and 'handleMintSuccess'. Either include them or remove the dependency array     react-hooks/exhaustive-deps
  Line 561:11:  Emojis should be wrapped in <span>, have role="img", and have an accessible description with aria-label or aria-labelledby                                              jsx-a11y/accessible-emoji
  Line 582:11:  Emojis should be wrapped in <span>, have role="img", and have an accessible description with aria-label or aria-labelledby                                              jsx-a11y/accessible-emoji
  Line 721:31:  Emojis should be wrapped in <span>, have role="img", and have an accessible description with aria-label or aria-labelledby                                              jsx-a11y/accessible-emoji
  Line 878:52:  Using target="_blank" without rel="noopener noreferrer" is a security risk: see https://mathiasbynens.github.io/rel-noopener                                            react/jsx-no-target-blank

./src/pages/TournamentTable.js
  Line 44:7:    'formatAddress' is assigned a value but never used                                                                          no-unused-vars
  Line 466:6:   React Hook useEffect has a missing dependency: 'setIsLeaving'. Either include it or remove the dependency array             react-hooks/exhaustive-deps
  Line 585:13:  Emojis should be wrapped in <span>, have role="img", and have an accessible description with aria-label or aria-labelledby  jsx-a11y/accessible-emoji
  Line 631:11:  Emojis should be wrapped in <span>, have role="img", and have an accessible description with aria-label or aria-labelledby  jsx-a11y/accessible-emoji
  Line 840:15:  Emojis should be wrapped in <span>, have role="img", and have an accessible description with aria-label or aria-labelledby  jsx-a11y/accessible-emoji

./src/components/amm/TradingPanel.js
  Line 5:38:    'useCallback' is defined but never used                                                                                     no-unused-vars
  Line 179:13:  'price' is assigned a value but never used                                                                                  no-unused-vars
  Line 179:45:  'userAddress' is assigned a value but never used                                                                            no-unused-vars
  Line 198:12:  'txHash' is assigned a value but never used                                                                                 no-unused-vars
  Line 425:25:  Emojis should be wrapped in <span>, have role="img", and have an accessible description with aria-label or aria-labelledby  jsx-a11y/accessible-emoji

./src/pages/CHIPWallet.js
  Line 6:8:     'Button' is defined but never used                                                                                          no-unused-vars
  Line 155:47:  'zeroGConnected' is assigned a value but never used                                                                         no-unused-vars
  Line 202:6:   React Hook useEffect has a missing dependency: 'fetchData'. Either include it or remove the dependency array                react-hooks/exhaustive-deps
  Line 934:15:  Emojis should be wrapped in <span>, have role="img", and have an accessible description with aria-label or aria-labelledby  jsx-a11y/accessible-emoji

./src/context/modal/ModalProvider.js
  Line 70:6:  React Hook useCallback has a missing dependency: 'modalData'. Either include it or remove the dependency array  react-hooks/exhaustive-deps

./src/context/websocket/WebsocketProvider.js
  Line 7:3:    'CS_FETCH_LOBBY_INFO' is defined but never used  no-unused-vars
  Line 17:9:   'navigate' is assigned a value but never used    no-unused-vars
  Line 43:13:  'webSocket' is assigned a value but never used   no-unused-vars

./src/context/zero-g/ZeroGContext.js
  Line 88:8:   React Hook useCallback has a missing dependency: 'refreshBalance'. Either include it or remove the dependency array  react-hooks/exhaustive-deps
  Line 137:8:  React Hook useCallback has a missing dependency: 'refreshBalance'. Either include it or remove the dependency array  react-hooks/exhaustive-deps

./src/components/navigation/Navbar.js
  Line 8:8:    'Button' is defined but never used                 no-unused-vars
  Line 98:20:  'zeroGAddress' is assigned a value but never used  no-unused-vars
  Line 102:9:  'goToDeposit' is assigned a value but never used   no-unused-vars

Search for the keywords to learn more about each warning.
To ignore, add // eslint-disable-next-line to the line before.

File sizes after gzip:

  147.18 KB  build/static/js/5.23080043.chunk.js
  44.4 KB    build/static/js/15.054c7835.chunk.js
  44.17 KB   build/static/js/main.6245cb6e.chunk.js
  30.03 KB   build/static/css/5.92889dfb.chunk.css
  21.56 KB   build/static/js/1.4fc385dc.chunk.js
  8.96 KB    build/static/js/8.4db8b46a.chunk.js
  7.78 KB    build/static/js/6.152f3daf.chunk.js
  7.25 KB    build/static/js/0.af272915.chunk.js
  6.06 KB    build/static/js/10.5126a754.chunk.js
  5.98 KB    build/static/js/12.0ce201ee.chunk.js
  4.61 KB    build/static/js/14.54d51ad1.chunk.js
  3.72 KB    build/static/js/2.89297582.chunk.js
  3.17 KB    build/static/js/9.c642b069.chunk.js
  2.86 KB    build/static/js/11.73cd9c02.chunk.js
  2.53 KB    build/static/css/main.0907214b.chunk.css
  2.51 KB    build/static/js/13.a5968b4f.chunk.js
  1.62 KB    build/static/js/runtime-main.22a336da.js
  1.08 KB    build/static/css/0.c4587052.chunk.css
  670 B      build/static/js/7.dc9e2a61.chunk.js

The project was built assuming it is hosted at /.
You can control this with the homepage field in your package.json.

The build folder is ready to be deployed.
You may serve it with a static server:

  npm install -g serve
  serve -s build

Find out more about deployment here:

  bit.ly/CRA-deploy

