=== REPLAY START: Tue May 12 21:06:53 CST 2026
Total commands: 219

[  1/219] EXECUTING: MOVE(1060,853)  CMD: cliclick m:1060,853

[  2/219] EXECUTING: CLICK(1060,853)  CMD: cliclick c:1060,853

[  3/219] EXECUTING: MOVE(909,757)  CMD: cliclick m:909,757

[  4/219] EXECUTING: MOVE(848,736)  CMD: cliclick m:848,736

[  5/219] EXECUTING: MOVE(811,725)  CMD: cliclick m:811,725

[  6/219] EXECUTING: MOVE(781,713)  CMD: cliclick m:781,713

[  7/219] EXECUTING: MOVE(583,506)  CMD: cliclick m:583,506

[  8/219] EXECUTING: MOVE(561,487)  CMD: cliclick m:561,487

[  9/219] EXECUTING: MOVE(493,446)  CMD: cliclick m:493,446

[ 10/219] EXECUTING: MOVE(466,435)  CMD: cliclick m:466,435

[ 11/219] EXECUTING: MOVE(454,416)  CMD: cliclick m:454,416

[ 12/219] EXECUTING: CLICK(450,407)  CMD: cliclick c:450,407

[ 13/219] EXECUTING: MOVE(478,405)  CMD: cliclick m:478,405

[ 14/219] EXECUTING: MOVE(609,394)  CMD: cliclick m:609,394

[ 15/219] EXECUTING: MOVE(701,405)  CMD: cliclick m:701,405

[ 16/219] EXECUTING: MOVE(722,409)  CMD: cliclick m:722,409

[ 17/219] EXECUTING: CLICK(722,409)  CMD: cliclick c:722,409

[ 18/219] EXECUTING: MOVE(808,406)  CMD: cliclick m:808,406

[ 19/219] EXECUTING: MOVE(1061,410)  CMD: cliclick m:1061,410

[ 20/219] EXECUTING: MOVE(958,419)  CMD: cliclick m:958,419

[ 21/219] EXECUTING: MOVE(1003,438)  CMD: cliclick m:1003,438

[ 22/219] EXECUTING: MOVE(1092,417)  CMD: cliclick m:1092,417

[ 23/219] EXECUTING: MOVE(1174,393)  CMD: cliclick m:1174,393

[ 24/219] EXECUTING: MOVE(1201,384)  CMD: cliclick m:1201,384

[ 25/219] EXECUTING: MOVE(1219,374)  CMD: cliclick m:1219,374

[ 26/219] EXECUTING: CLICK(1219,373)  CMD: cliclick c:1219,373

[ 27/219] EXECUTING: MOVE(1067,386)  CMD: cliclick m:1067,386

[ 28/219] EXECUTING: MOVE(936,413)  CMD: cliclick m:936,413

[ 29/219] EXECUTING: MOVE(875,435)  CMD: cliclick m:875,435

[ 30/219] EXECUTING: MOVE(774,486)  CMD: cliclick m:774,486

[ 31/219] EXECUTING: MOVE(749,499)  CMD: cliclick m:749,499

[ 32/219] EXECUTING: MOVE(807,502)  CMD: cliclick m:807,502

[ 33/219] EXECUTING: CLICK(807,502)  CMD: cliclick c:807,502

[ 34/219] EXECUTING: MOVE(707,495)  CMD: cliclick m:707,495

[ 35/219] EXECUTING: MOVE(508,467)  CMD: cliclick m:508,467

[ 36/219] EXECUTING: MOVE(324,448)  CMD: cliclick m:324,448

[ 37/219] EXECUTING: MOVE(363,436)  CMD: cliclick m:363,436

[ 38/219] EXECUTING: CLICK(364,435)  CMD: cliclick c:364,435










[ 48/219] EXECUTING: MOVE(397,436)  CMD: cliclick m:397,436

[ 49/219] EXECUTING: MOVE(458,436)  CMD: cliclick m:458,436

[ 50/219] EXECUTING: MOVE(566,433)  CMD: cliclick m:566,433

[ 51/219] EXECUTING: MOVE(741,435)  CMD: cliclick m:741,435

[ 52/219] EXECUTING: MOVE(899,434)  CMD: cliclick m:899,434

[ 53/219] EXECUTING: MOVE(973,426)  CMD: cliclick m:973,426

[ 54/219] EXECUTING: MOVE(1004,422)  CMD: cliclick m:1004,422

[ 55/219] EXECUTING: MOVE(1066,412)  CMD: cliclick m:1066,412

[ 56/219] EXECUTING: MOVE(1138,398)  CMD: cliclick m:1138,398

[ 57/219] EXECUTING: MOVE(1182,390)  CMD: cliclick m:1182,390

[ 58/219] EXECUTING: MOVE(1210,375)  CMD: cliclick m:1210,375

[ 59/219] EXECUTING: MOVE(1226,366)  CMD: cliclick m:1226,366

[ 60/219] EXECUTING: CLICK(1228,365)  CMD: cliclick c:1228,365

[ 61/219] EXECUTING: MOVE(1073,388)  CMD: cliclick m:1073,388

[ 62/219] EXECUTING: MOVE(965,418)  CMD: cliclick m:965,418

[ 63/219] EXECUTING: MOVE(908,446)  CMD: cliclick m:908,446

[ 64/219] EXECUTING: MOVE(889,459)  CMD: cliclick m:889,459

[ 65/219] EXECUTING: MOVE(867,477)  CMD: cliclick m:867,477

[ 66/219] EXECUTING: MOVE(807,499)  CMD: cliclick m:807,499

[ 67/219] EXECUTING: CLICK(798,501)  CMD: cliclick c:798,501

[ 68/219] EXECUTING: MOVE(713,485)  CMD: cliclick m:713,485

[ 69/219] EXECUTING: MOVE(604,456)  CMD: cliclick m:604,456

[ 70/219] EXECUTING: MOVE(492,433)  CMD: cliclick m:492,433

[ 71/219] EXECUTING: MOVE(471,428)  CMD: cliclick m:471,428

[ 72/219] EXECUTING: MOVE(417,421)  CMD: cliclick m:417,421

[ 73/219] EXECUTING: CLICK(406,417)  CMD: cliclick c:406,417















[ 88/219] EXECUTING: MOVE(421,416)  CMD: cliclick m:421,416

[ 89/219] EXECUTING: MOVE(450,413)  CMD: cliclick m:450,413

[ 90/219] EXECUTING: MOVE(469,413)  CMD: cliclick m:469,413

[ 91/219] EXECUTING: MOVE(555,410)  CMD: cliclick m:555,410

[ 92/219] EXECUTING: MOVE(963,431)  CMD: cliclick m:963,431

[ 93/219] EXECUTING: MOVE(1063,432)  CMD: cliclick m:1063,432

[ 94/219] EXECUTING: MOVE(1116,428)  CMD: cliclick m:1116,428

[ 95/219] EXECUTING: MOVE(1132,422)  CMD: cliclick m:1132,422

[ 96/219] EXECUTING: MOVE(1156,407)  CMD: cliclick m:1156,407

[ 97/219] EXECUTING: MOVE(1181,389)  CMD: cliclick m:1181,389

[ 98/219] EXECUTING: MOVE(1203,379)  CMD: cliclick m:1203,379

[ 99/219] EXECUTING: MOVE(1220,370)  CMD: cliclick m:1220,370

[100/219] EXECUTING: MOVE(1239,358)  CMD: cliclick m:1239,358

[101/219] EXECUTING: CLICK(1239,358)  CMD: cliclick c:1239,358

[102/219] EXECUTING: MOVE(1149,352)  CMD: cliclick m:1149,352

[103/219] EXECUTING: MOVE(1057,354)  CMD: cliclick m:1057,354

[104/219] EXECUTING: MOVE(969,367)  CMD: cliclick m:969,367

[105/219] EXECUTING: MOVE(901,392)  CMD: cliclick m:901,392

[106/219] EXECUTING: MOVE(870,408)  CMD: cliclick m:870,408

[107/219] EXECUTING: MOVE(829,431)  CMD: cliclick m:829,431

[108/219] EXECUTING: MOVE(804,466)  CMD: cliclick m:804,466

[109/219] EXECUTING: MOVE(785,506)  CMD: cliclick m:785,506

[110/219] EXECUTING: CLICK(795,502)  CMD: cliclick c:795,502

[111/219] EXECUTING: MOVE(745,493)  CMD: cliclick m:745,493

[112/219] EXECUTING: MOVE(686,479)  CMD: cliclick m:686,479

[113/219] EXECUTING: MOVE(531,439)  CMD: cliclick m:531,439

[114/219] EXECUTING: MOVE(415,405)  CMD: cliclick m:415,405

[115/219] EXECUTING: MOVE(397,401)  CMD: cliclick m:397,401

[116/219] EXECUTING: CLICK(397,401)  CMD: cliclick c:397,401








[124/219] EXECUTING: MOVE(440,401)  CMD: cliclick m:440,401

[125/219] EXECUTING: MOVE(546,396)  CMD: cliclick m:546,396

[126/219] EXECUTING: MOVE(903,396)  CMD: cliclick m:903,396

[127/219] EXECUTING: MOVE(1067,399)  CMD: cliclick m:1067,399

[128/219] EXECUTING: MOVE(1165,399)  CMD: cliclick m:1165,399

[129/219] EXECUTING: MOVE(1200,392)  CMD: cliclick m:1200,392

[130/219] EXECUTING: MOVE(1223,384)  CMD: cliclick m:1223,384

[131/219] EXECUTING: MOVE(1238,366)  CMD: cliclick m:1238,366

[132/219] EXECUTING: CLICK(1241,361)  CMD: cliclick c:1241,361

[133/219] EXECUTING: MOVE(1201,356)  CMD: cliclick m:1201,356

[134/219] EXECUTING: MOVE(1103,363)  CMD: cliclick m:1103,363

[135/219] EXECUTING: MOVE(1002,379)  CMD: cliclick m:1002,379

[136/219] EXECUTING: MOVE(897,396)  CMD: cliclick m:897,396

[137/219] EXECUTING: MOVE(844,427)  CMD: cliclick m:844,427

[138/219] EXECUTING: MOVE(825,449)  CMD: cliclick m:825,449

[139/219] EXECUTING: MOVE(816,466)  CMD: cliclick m:816,466

[140/219] EXECUTING: MOVE(802,489)  CMD: cliclick m:802,489

[141/219] EXECUTING: CLICK(800,496)  CMD: cliclick c:800,496

[142/219] EXECUTING: MOVE(757,487)  CMD: cliclick m:757,487

[143/219] EXECUTING: MOVE(570,449)  CMD: cliclick m:570,449

[144/219] EXECUTING: MOVE(487,428)  CMD: cliclick m:487,428

[145/219] EXECUTING: MOVE(461,422)  CMD: cliclick m:461,422

[146/219] EXECUTING: CLICK(461,422)  CMD: cliclick c:461,422













[159/219] EXECUTING: MOVE(536,409)  CMD: cliclick m:536,409

[160/219] EXECUTING: MOVE(690,386)  CMD: cliclick m:690,386

[161/219] EXECUTING: MOVE(995,393)  CMD: cliclick m:995,393

[162/219] EXECUTING: MOVE(1046,391)  CMD: cliclick m:1046,391

[163/219] EXECUTING: MOVE(1072,390)  CMD: cliclick m:1072,390

[164/219] EXECUTING: MOVE(1112,384)  CMD: cliclick m:1112,384

[165/219] EXECUTING: MOVE(1129,381)  CMD: cliclick m:1129,381

[166/219] EXECUTING: MOVE(1162,374)  CMD: cliclick m:1162,374

[167/219] EXECUTING: MOVE(1199,368)  CMD: cliclick m:1199,368

[168/219] EXECUTING: MOVE(1221,364)  CMD: cliclick m:1221,364

[169/219] EXECUTING: CLICK(1223,363)  CMD: cliclick c:1223,363

[170/219] EXECUTING: MOVE(1073,380)  CMD: cliclick m:1073,380

[171/219] EXECUTING: MOVE(939,404)  CMD: cliclick m:939,404

[172/219] EXECUTING: MOVE(828,438)  CMD: cliclick m:828,438

[173/219] EXECUTING: MOVE(799,451)  CMD: cliclick m:799,451

[174/219] EXECUTING: MOVE(782,499)  CMD: cliclick m:782,499

[175/219] EXECUTING: MOVE(784,517)  CMD: cliclick m:784,517

[176/219] EXECUTING: MOVE(801,499)  CMD: cliclick m:801,499

[177/219] EXECUTING: CLICK(802,496)  CMD: cliclick c:802,496

[178/219] EXECUTING: MOVE(737,490)  CMD: cliclick m:737,490

[179/219] EXECUTING: MOVE(648,486)  CMD: cliclick m:648,486

[180/219] EXECUTING: MOVE(485,478)  CMD: cliclick m:485,478

[181/219] EXECUTING: MOVE(462,475)  CMD: cliclick m:462,475

[182/219] EXECUTING: MOVE(454,459)  CMD: cliclick m:454,459

[183/219] EXECUTING: MOVE(447,437)  CMD: cliclick m:447,437

[184/219] EXECUTING: MOVE(446,416)  CMD: cliclick m:446,416


[186/219] EXECUTING: CLICK(446,416)  CMD: cliclick c:446,416






[192/219] EXECUTING: MOVE(472,415)  CMD: cliclick m:472,415

[193/219] EXECUTING: MOVE(600,407)  CMD: cliclick m:600,407

[194/219] EXECUTING: MOVE(658,404)  CMD: cliclick m:658,404

[195/219] EXECUTING: MOVE(847,388)  CMD: cliclick m:847,388

[196/219] EXECUTING: MOVE(863,389)  CMD: cliclick m:863,389

[197/219] EXECUTING: MOVE(936,393)  CMD: cliclick m:936,393

[198/219] EXECUTING: MOVE(1033,397)  CMD: cliclick m:1033,397

[199/219] EXECUTING: MOVE(1087,401)  CMD: cliclick m:1087,401

[200/219] EXECUTING: MOVE(1117,402)  CMD: cliclick m:1117,402

[201/219] EXECUTING: MOVE(1175,396)  CMD: cliclick m:1175,396

[202/219] EXECUTING: MOVE(1209,385)  CMD: cliclick m:1209,385

[203/219] EXECUTING: MOVE(1229,380)  CMD: cliclick m:1229,380

[204/219] EXECUTING: MOVE(1245,362)  CMD: cliclick m:1245,362

[205/219] EXECUTING: CLICK(1246,361)  CMD: cliclick c:1246,361

[206/219] EXECUTING: MOVE(1226,358)  CMD: cliclick m:1226,358

[207/219] EXECUTING: MOVE(1149,356)  CMD: cliclick m:1149,356

[208/219] EXECUTING: MOVE(1095,352)  CMD: cliclick m:1095,352

[209/219] EXECUTING: MOVE(943,345)  CMD: cliclick m:943,345

[210/219] EXECUTING: MOVE(896,345)  CMD: cliclick m:896,345

[211/219] EXECUTING: MOVE(806,352)  CMD: cliclick m:806,352

[212/219] EXECUTING: MOVE(745,364)  CMD: cliclick m:745,364

[213/219] EXECUTING: MOVE(738,422)  CMD: cliclick m:738,422

[214/219] EXECUTING: MOVE(785,454)  CMD: cliclick m:785,454

[215/219] EXECUTING: MOVE(879,494)  CMD: cliclick m:879,494

[216/219] EXECUTING: MOVE(859,496)  CMD: cliclick m:859,496

[217/219] EXECUTING: MOVE(825,498)  CMD: cliclick m:825,498

[218/219] EXECUTING: MOVE(806,499)  CMD: cliclick m:806,499

[219/219] EXECUTING: CLICK(806,499)  CMD: cliclick c:806,499


=== REPLAY COMPLETE: Tue May 12 21:10:24 CST 2026 ===
Log saved to: /Users/yingfengzhang/1JackSource/blockchain/game-core/mouse-operations-replay.log
