Using network 'nile'.

Compiling your contracts...
===========================
> Everything is up to date, there is nothing to compile.

Running migration: 8_deploy_nft_simple.js
node:fs:1569
  const result = binding.readdir(
                         ^

Error: ENOENT: no such file or directory, scandir './build/contracts'
    at Object.readdirSync (node:fs:1569:26)
    at FS.getContractName (/Users/yingfengzhang/.nvm/versions/node/v24.11.0/lib/node_modules/tronbox/build/components/Resolver/fs.js:1:1284)
    at FS.require (/Users/yingfengzhang/.nvm/versions/node/v24.11.0/lib/node_modules/tronbox/build/components/Resolver/fs.js:1:820)
    at Resolver.require (/Users/yingfengzhang/.nvm/versions/node/v24.11.0/lib/node_modules/tronbox/build/components/Resolver/index.js:1:790)
    at Object.require (/Users/yingfengzhang/.nvm/versions/node/v24.11.0/lib/node_modules/tronbox/build/components/Migrate/index.js:1:5483)
    at ResolverIntercept.require (/Users/yingfengzhang/.nvm/versions/node/v24.11.0/lib/node_modules/tronbox/build/components/Migrate/resolverintercept.js:1:278)
    at /Users/yingfengzhang/1JackSource/blockchain/game-core/migrations/8_deploy_nft_simple.js:1:40
    at Script.runInContext (node:vm:149:12)
    at Script.runInNewContext (node:vm:154:17)
    at Object.file (/Users/yingfengzhang/.nvm/versions/node/v24.11.0/lib/node_modules/tronbox/build/components/Require.js:1:1470) {
  errno: -2,
  code: 'ENOENT',
  syscall: 'scandir',
  path: './build/contracts'
}
