Using network 'nile'.

Compiling your contracts...
===========================
Compiling ./contracts/BridgeGameV1.sol...
Compiling @openzeppelin/contracts/access/Ownable.sol...
Compiling @openzeppelin/contracts/interfaces/IERC165.sol...
Compiling @openzeppelin/contracts/interfaces/IERC4906.sol...
Compiling @openzeppelin/contracts/interfaces/IERC721.sol...
Compiling @openzeppelin/contracts/security/Pausable.sol...
Compiling @openzeppelin/contracts/security/ReentrancyGuard.sol...
Compiling @openzeppelin/contracts/token/ERC20/ERC20.sol...
Compiling @openzeppelin/contracts/token/ERC20/IERC20.sol...
Compiling @openzeppelin/contracts/token/ERC20/extensions/ERC20Burnable.sol...
Compiling @openzeppelin/contracts/token/ERC20/extensions/IERC20Metadata.sol...
Compiling @openzeppelin/contracts/token/ERC20/extensions/IERC20Permit.sol...
Compiling @openzeppelin/contracts/token/ERC20/utils/SafeERC20.sol...
Compiling @openzeppelin/contracts/token/ERC721/ERC721.sol...
Compiling @openzeppelin/contracts/token/ERC721/IERC721.sol...
Compiling @openzeppelin/contracts/token/ERC721/IERC721Receiver.sol...
Compiling @openzeppelin/contracts/token/ERC721/extensions/ERC721URIStorage.sol...
Compiling @openzeppelin/contracts/token/ERC721/extensions/IERC721Metadata.sol...
Compiling @openzeppelin/contracts/utils/Address.sol...
Compiling @openzeppelin/contracts/utils/Context.sol...
Compiling @openzeppelin/contracts/utils/Strings.sol...
Compiling @openzeppelin/contracts/utils/cryptography/ECDSA.sol...
Compiling @openzeppelin/contracts/utils/introspection/ERC165.sol...
Compiling @openzeppelin/contracts/utils/introspection/IERC165.sol...
Compiling @openzeppelin/contracts/utils/math/Math.sol...
Compiling @openzeppelin/contracts/utils/math/SignedMath.sol...
Compiling @openzeppelin/contracts/utils/structs/EnumerableSet.sol...
Compiling contracts/AchievementNFT.sol...
Compiling contracts/BridgeGameV1.sol...
Compiling contracts/BridgeGameV2.sol...
Compiling contracts/BridgeGameV3.sol...
Compiling contracts/ChipToken.sol...
Compiling contracts/Governance.sol...
Compiling contracts/Migrations.sol...
Compiling contracts/Staking.sol...
Compiling contracts/Tournament.sol...

Compilation warnings encountered:

Warning: This declaration shadows an existing declaration.
  --> contracts/AchievementNFT.sol:81:34:
   |
81 |     constructor(address _signer, string memory _baseURI) 
   |                                  ^^^^^^^^^^^^^^^^^^^^^^
Note: The shadowed declaration is here:
   --> contracts/AchievementNFT.sol:411:5:
    |
411 |     function _baseURI() internal view override returns (string memory) {
    |     ^ (Relevant source part starts here and spans across multiple lines).

,Warning: This declaration shadows an existing declaration.
   --> contracts/AchievementNFT.sol:369:25:
    |
369 |     function setBaseURI(string memory _baseURI) external onlyOwner {
    |                         ^^^^^^^^^^^^^^^^^^^^^^
Note: The shadowed declaration is here:
   --> contracts/AchievementNFT.sol:411:5:
    |
411 |     function _baseURI() internal view override returns (string memory) {
    |     ^ (Relevant source part starts here and spans across multiple lines).

,Warning: This declaration has the same name as another declaration.
   --> contracts/Staking.sol:224:9:
    |
224 |         bool isLocked,
    |         ^^^^^^^^^^^^^
Note: The other declaration is here:
   --> contracts/Staking.sol:240:5:
    |
240 |     function isLocked(address user) external view returns (bool) {
    |     ^ (Relevant source part starts here and spans across multiple lines).



Warning: This declaration shadows an existing declaration.
  --> contracts/AchievementNFT.sol:81:34:
   |
81 |     constructor(address _signer, string memory _baseURI) 
   |                                  ^^^^^^^^^^^^^^^^^^^^^^
Note: The shadowed declaration is here:
   --> contracts/AchievementNFT.sol:411:5:
    |
411 |     function _baseURI() internal view override returns (string memory) {
    |     ^ (Relevant source part starts here and spans across multiple lines).

,Warning: This declaration shadows an existing declaration.
   --> contracts/AchievementNFT.sol:369:25:
    |
369 |     function setBaseURI(string memory _baseURI) external onlyOwner {
    |                         ^^^^^^^^^^^^^^^^^^^^^^
Note: The shadowed declaration is here:
   --> contracts/AchievementNFT.sol:411:5:
    |
411 |     function _baseURI() internal view override returns (string memory) {
    |     ^ (Relevant source part starts here and spans across multiple lines).

,Warning: This declaration has the same name as another declaration.
   --> contracts/Staking.sol:224:9:
    |
224 |         bool isLocked,
    |         ^^^^^^^^^^^^^
Note: The other declaration is here:
   --> contracts/Staking.sol:240:5:
    |
240 |     function isLocked(address user) external view returns (bool) {
    |     ^ (Relevant source part starts here and spans across multiple lines).

,TypeError: Member "isContract" not unique after argument-dependent lookup in address.
   --> @openzeppelin/contracts/token/ERC721/ERC721.sol:405:13:
    |
405 |         if (to.isContract()) {
    |             ^^^^^^^^^^^^^
Compilation failed. See above.
