[Config] ========== BLOCKCHAIN CONFIG ==========
[Config] BLOCKCHAIN_ENABLED: true
[Config] TRON_NETWORK: testnet
[Config] CONTRACT_ADDRESS: TQiG3UXV9uSLyW5Ax7Pa9WwcT9EhEJnU4c
[Config] =======================================
[Server] Initializing blockchain services...
[TronService] Initialized for testnet at https://nile.trongrid.io
[TronService] Server wallet address: TW2BxbsK6VoqMiotWuc56gsupF6gaEsXuA
(node:66762) Warning: Accessing non-existent property 'checkAITurn' of module exports inside circular dependency
(Use `node --trace-warnings ...` to show where the warning was created)
(node:66762) Warning: Accessing non-existent property 'executeAIAction' of module exports inside circular dependency
Server is running in development mode and is listening on port 7778...
[ContractService] Using default ABI
[ContractService] Contract loaded at TQiG3UXV9uSLyW5Ax7Pa9WwcT9EhEJnU4c
[ContractService] Initialized for testnet
[GameSettlementService] Initialized
[GameFlowIntegration] Initialized
[Server] Initializing NFT Service...
Successfully connected to MongoDB!
[NFTService] Contract loaded: TXiaxLfirc3bMTT8uJjesBAW2Vvx1VABcC
[Server] ✅ NFT Service initialized with contract: TXiaxLfirc3bMTT8uJjesBAW2Vvx1VABcC
[Server] Initializing CHIP Token Service...
[ChipService] Token contract loaded: TFWScXGFALnK9D79zf5Jrnw5on7aqJiaY3
[ChipService] Staking contract loaded: TBz2FDnQtfAqUfjeZhcTTKhuC15SHqXmdc
[ChipService] Initialized successfully
[Server] ✅ CHIP Token Service initialized with contract: TFWScXGFALnK9D79zf5Jrnw5on7aqJiaY3
[EventListener] Initialized
[EventListener] Started polling for events
[Server] Server address: TW2BxbsK6VoqMiotWuc56gsupF6gaEsXuA
[Server] Current table 1 owner: 41dbf2e4b885e6de39190e15723abcfaa1d91b93b3
[Server] Setting server as table owner for table 1...
[EventListener] Polled 20 events from contract TQiG3UXV9uSLyW5Ax7Pa9WwcT9EhEJnU4c
[EventListener] Event: Deposited {
  block_number: 66595981,
  block_timestamp: 1776266439000,
  caller_contract_address: 'TQiG3UXV9uSLyW5Ax7Pa9WwcT9EhEJnU4c',
  contract_address: 'TQiG3UXV9uSLyW5Ax7Pa9WwcT9EhEJnU4c',
  event_index: 0,
  event_name: 'Deposited',
  result: {
    '0': '0xe6e729f4cf0dfb5f4b558a7c6f09e83863bcc527',
    '1': '100000000',
    amount: '100000000',
    player: '0xe6e729f4cf0dfb5f4b558a7c6f09e83863bcc527'
  },
  result_type: { amount: 'uint256', player: 'address' },
  event: 'Deposited(address indexed player, uint256 amount)',
  transaction_id: '8dd596be50c0678aae5ff22d3636056c4c33978216fbe8057806adefc6670df9'
}
[EventListener] ✅ DEPOSIT EVENT: 0xe6e729f4cf0dfb5f4b558a7c6f09e83863bcc527 deposited 100000000 SUN (100 TRX)
[EventListener] Event details: {
  "0": "0xe6e729f4cf0dfb5f4b558a7c6f09e83863bcc527",
  "1": "100000000",
  "amount": "100000000",
  "player": "0xe6e729f4cf0dfb5f4b558a7c6f09e83863bcc527"
}
[EventListener] Event: Withdrawn {
  block_number: 66595974,
  block_timestamp: 1776266418000,
  caller_contract_address: 'TQiG3UXV9uSLyW5Ax7Pa9WwcT9EhEJnU4c',
  contract_address: 'TQiG3UXV9uSLyW5Ax7Pa9WwcT9EhEJnU4c',
  event_index: 0,
  event_name: 'Withdrawn',
  result: {
    '0': '0xe6e729f4cf0dfb5f4b558a7c6f09e83863bcc527',
    '1': '100000000',
    amount: '100000000',
    player: '0xe6e729f4cf0dfb5f4b558a7c6f09e83863bcc527'
  },
  result_type: { amount: 'uint256', player: 'address' },
  event: 'Withdrawn(address indexed player, uint256 amount)',
  transaction_id: 'd747b7477b9facc38e41901aa94f7cd9e7bfe28b095198bad79fa687a62ef753'
}
[EventListener] Withdrawal: 0xe6e729f4cf0dfb5f4b558a7c6f09e83863bcc527 withdrew 100000000 SUN
[EventListener] Event: Deposited {
  block_number: 66590142,
  block_timestamp: 1776248862000,
  caller_contract_address: 'TQiG3UXV9uSLyW5Ax7Pa9WwcT9EhEJnU4c',
  contract_address: 'TQiG3UXV9uSLyW5Ax7Pa9WwcT9EhEJnU4c',
  event_index: 0,
  event_name: 'Deposited',
  result: {
    '0': '0xe6e729f4cf0dfb5f4b558a7c6f09e83863bcc527',
    '1': '100000000',
    amount: '100000000',
    player: '0xe6e729f4cf0dfb5f4b558a7c6f09e83863bcc527'
  },
  result_type: { amount: 'uint256', player: 'address' },
  event: 'Deposited(address indexed player, uint256 amount)',
  transaction_id: '042d87c874be8c5ee119efa8d22cc771f642708ba0f3f6203362f56d8817af16'
}
[EventListener] ✅ DEPOSIT EVENT: 0xe6e729f4cf0dfb5f4b558a7c6f09e83863bcc527 deposited 100000000 SUN (100 TRX)
[EventListener] Event details: {
  "0": "0xe6e729f4cf0dfb5f4b558a7c6f09e83863bcc527",
  "1": "100000000",
  "amount": "100000000",
  "player": "0xe6e729f4cf0dfb5f4b558a7c6f09e83863bcc527"
}
[EventListener] Event: Deposited {
  block_number: 66590115,
  block_timestamp: 1776248781000,
  caller_contract_address: 'TQiG3UXV9uSLyW5Ax7Pa9WwcT9EhEJnU4c',
  contract_address: 'TQiG3UXV9uSLyW5Ax7Pa9WwcT9EhEJnU4c',
  event_index: 0,
  event_name: 'Deposited',
  result: {
    '0': '0xc7457b452780a641ff4c5c922034accd6e6b9b79',
    '1': '100000000',
    amount: '100000000',
    player: '0xc7457b452780a641ff4c5c922034accd6e6b9b79'
  },
  result_type: { amount: 'uint256', player: 'address' },
  event: 'Deposited(address indexed player, uint256 amount)',
  transaction_id: '268e5d3c7aa57b36fe76b58ae7f36fc7f3597004514b39695627cc6e1c0513e3'
}
[EventListener] ✅ DEPOSIT EVENT: 0xc7457b452780a641ff4c5c922034accd6e6b9b79 deposited 100000000 SUN (100 TRX)
[EventListener] Event details: {
  "0": "0xc7457b452780a641ff4c5c922034accd6e6b9b79",
  "1": "100000000",
  "amount": "100000000",
  "player": "0xc7457b452780a641ff4c5c922034accd6e6b9b79"
}
[EventListener] Event: Withdrawn {
  block_number: 66590005,
  block_timestamp: 1776248451000,
  caller_contract_address: 'TQiG3UXV9uSLyW5Ax7Pa9WwcT9EhEJnU4c',
  contract_address: 'TQiG3UXV9uSLyW5Ax7Pa9WwcT9EhEJnU4c',
  event_index: 0,
  event_name: 'Withdrawn',
  result: {
    '0': '0xe6e729f4cf0dfb5f4b558a7c6f09e83863bcc527',
    '1': '588818422',
    amount: '588818422',
    player: '0xe6e729f4cf0dfb5f4b558a7c6f09e83863bcc527'
  },
  result_type: { amount: 'uint256', player: 'address' },
  event: 'Withdrawn(address indexed player, uint256 amount)',
  transaction_id: 'f61fefc80c1bbeecc9762e0a9b4619db6f16bb7677375678f569959e091f1eef'
}
[EventListener] Withdrawal: 0xe6e729f4cf0dfb5f4b558a7c6f09e83863bcc527 withdrew 588818422 SUN
[EventListener] Event: LeftTable {
  block_number: 66589196,
  block_timestamp: 1776246018000,
  caller_contract_address: 'TQiG3UXV9uSLyW5Ax7Pa9WwcT9EhEJnU4c',
  contract_address: 'TQiG3UXV9uSLyW5Ax7Pa9WwcT9EhEJnU4c',
  event_index: 1,
  event_name: 'LeftTable',
  result: {
    '0': '0xe6e729f4cf0dfb5f4b558a7c6f09e83863bcc527',
    '1': '1776245890',
    '2': '0',
    amount: '0',
    tableId: '1776245890',
    player: '0xe6e729f4cf0dfb5f4b558a7c6f09e83863bcc527'
  },
  result_type: { amount: 'uint256', tableId: 'uint256', player: 'address' },
  event: 'LeftTable(address indexed player, uint256 indexed tableId, uint256 amount)',
  transaction_id: 'c6a6aa4985c96304913f372b9bf23fe40cf6513484f5ecc1e1dc3677ad513e4a'
}
[EventListener] 0xe6e729f4cf0dfb5f4b558a7c6f09e83863bcc527 left table 1776245890, refunded 0 SUN
[EventListener] Event: JoinedTableFor {
  block_number: 66589196,
  block_timestamp: 1776246018000,
  caller_contract_address: 'TQiG3UXV9uSLyW5Ax7Pa9WwcT9EhEJnU4c',
  contract_address: 'TQiG3UXV9uSLyW5Ax7Pa9WwcT9EhEJnU4c',
  event_index: 0,
  event_name: 'JoinedTableFor',
  result: {
    '0': '0xe6e729f4cf0dfb5f4b558a7c6f09e83863bcc527',
    '1': '1776245890',
    '2': '100000000',
    '3': '0xdbf2e4b885e6de39190e15723abcfaa1d91b93b3',
    buyIn: '100000000',
    delegate: '0xdbf2e4b885e6de39190e15723abcfaa1d91b93b3',
    tableId: '1776245890',
    player: '0xe6e729f4cf0dfb5f4b558a7c6f09e83863bcc527'
  },
  result_type: {
    buyIn: 'uint256',
    delegate: 'address',
    tableId: 'uint256',
    player: 'address'
  },
  event: 'JoinedTableFor(address indexed player, uint256 indexed tableId, uint256 buyIn, address indexed delegate)',
  transaction_id: '519099b24d83c779f5e012711fcf83acfbe64fd84f4e5ccf819e4a005c15b701'
}
[EventListener] JoinedTableFor: 0xe6e729f4cf0dfb5f4b558a7c6f09e83863bcc527 joined table 1776245890
[GameFlowIntegration] Syncing balance for TX27LjDqk64d4NvBXKT1taAYX5Dpf4JpL4
[EventListener] Event: LeftTable {
  block_number: 66588429,
  block_timestamp: 1776243705000,
  caller_contract_address: 'TQiG3UXV9uSLyW5Ax7Pa9WwcT9EhEJnU4c',
  contract_address: 'TQiG3UXV9uSLyW5Ax7Pa9WwcT9EhEJnU4c',
  event_index: 2,
  event_name: 'LeftTable',
  result: {
    '0': '0xfcc612f5b195f12135ba0cb2c2c9ca23e51fefee',
    '1': '1',
    '2': '194500000',
    amount: '194500000',
    tableId: '1',
    player: '0xfcc612f5b195f12135ba0cb2c2c9ca23e51fefee'
  },
  result_type: { amount: 'uint256', tableId: 'uint256', player: 'address' },
  event: 'LeftTable(address indexed player, uint256 indexed tableId, uint256 amount)',
  transaction_id: 'efd35a716b846f4198342a0ae276507188eb7cb783af7e8e5915899cd245341e'
}
[EventListener] 0xfcc612f5b195f12135ba0cb2c2c9ca23e51fefee left table 1, refunded 194500000 SUN
[EventListener] Event: Deposited {
  block_number: 66588422,
  block_timestamp: 1776243684000,
  caller_contract_address: 'TQiG3UXV9uSLyW5Ax7Pa9WwcT9EhEJnU4c',
  contract_address: 'TQiG3UXV9uSLyW5Ax7Pa9WwcT9EhEJnU4c',
  event_index: 0,
  event_name: 'Deposited',
  result: {
    '0': '0x25e7865d0ba73cbce96e490898d8f8dd2cdf3d8c',
    '1': '100000000',
    amount: '100000000',
    player: '0x25e7865d0ba73cbce96e490898d8f8dd2cdf3d8c'
  },
  result_type: { amount: 'uint256', player: 'address' },
  event: 'Deposited(address indexed player, uint256 amount)',
  transaction_id: 'e928a1e6cd83688e98fb2cfb360f364f70b905cbc4d3b6bf958bae16938c4023'
}
[EventListener] ✅ DEPOSIT EVENT: 0x25e7865d0ba73cbce96e490898d8f8dd2cdf3d8c deposited 100000000 SUN (100 TRX)
[EventListener] Event details: {
  "0": "0x25e7865d0ba73cbce96e490898d8f8dd2cdf3d8c",
  "1": "100000000",
  "amount": "100000000",
  "player": "0x25e7865d0ba73cbce96e490898d8f8dd2cdf3d8c"
}
[EventListener] Event: Withdrawn {
  block_number: 66588420,
  block_timestamp: 1776243678000,
  caller_contract_address: 'TQiG3UXV9uSLyW5Ax7Pa9WwcT9EhEJnU4c',
  contract_address: 'TQiG3UXV9uSLyW5Ax7Pa9WwcT9EhEJnU4c',
  event_index: 0,
  event_name: 'Withdrawn',
  result: {
    '0': '0x25e7865d0ba73cbce96e490898d8f8dd2cdf3d8c',
    '1': '100000000',
    amount: '100000000',
    player: '0x25e7865d0ba73cbce96e490898d8f8dd2cdf3d8c'
  },
  result_type: { amount: 'uint256', player: 'address' },
  event: 'Withdrawn(address indexed player, uint256 amount)',
  transaction_id: 'ae94978c18a6cb7cc1cee375b60e2c678b5a1f5474494d4b277c62861f311271'
}
[EventListener] Withdrawal: 0x25e7865d0ba73cbce96e490898d8f8dd2cdf3d8c withdrew 100000000 SUN
[EventListener] Event: LeftTable {
  block_number: 66588416,
  block_timestamp: 1776243666000,
  caller_contract_address: 'TQiG3UXV9uSLyW5Ax7Pa9WwcT9EhEJnU4c',
  contract_address: 'TQiG3UXV9uSLyW5Ax7Pa9WwcT9EhEJnU4c',
  event_index: 1,
  event_name: 'LeftTable',
  result: {
    '0': '0x25e7865d0ba73cbce96e490898d8f8dd2cdf3d8c',
    '1': '1',
    '2': '0',
    amount: '0',
    tableId: '1',
    player: '0x25e7865d0ba73cbce96e490898d8f8dd2cdf3d8c'
  },
  result_type: { amount: 'uint256', tableId: 'uint256', player: 'address' },
  event: 'LeftTable(address indexed player, uint256 indexed tableId, uint256 amount)',
  transaction_id: '3684b5ee2c50ab75c45b5f9be4d60854ac56118bba80952e9db9a1b9fa6a175e'
}
[EventListener] 0x25e7865d0ba73cbce96e490898d8f8dd2cdf3d8c left table 1, refunded 0 SUN
[EventListener] Event: JoinedTableFor {
  block_number: 66588395,
  block_timestamp: 1776243603000,
  caller_contract_address: 'TQiG3UXV9uSLyW5Ax7Pa9WwcT9EhEJnU4c',
  contract_address: 'TQiG3UXV9uSLyW5Ax7Pa9WwcT9EhEJnU4c',
  event_index: 0,
  event_name: 'JoinedTableFor',
  result: {
    '0': '0xfcc612f5b195f12135ba0cb2c2c9ca23e51fefee',
    '1': '1',
    '2': '100000000',
    '3': '0xdbf2e4b885e6de39190e15723abcfaa1d91b93b3',
    buyIn: '100000000',
    delegate: '0xdbf2e4b885e6de39190e15723abcfaa1d91b93b3',
    tableId: '1',
    player: '0xfcc612f5b195f12135ba0cb2c2c9ca23e51fefee'
  },
  result_type: {
    buyIn: 'uint256',
    delegate: 'address',
    tableId: 'uint256',
    player: 'address'
  },
  event: 'JoinedTableFor(address indexed player, uint256 indexed tableId, uint256 buyIn, address indexed delegate)',
  transaction_id: '3fe0d0ef61007784b192393f3504d9b91a8126370d84421000f6d074a0c6ddfc'
}
[EventListener] JoinedTableFor: 0xfcc612f5b195f12135ba0cb2c2c9ca23e51fefee joined table 1
[GameFlowIntegration] Syncing balance for TZ1kZpwPTWBvfJXj7bYDTgLjrHjYm9AokF
[EventListener] Event: DelegateSet {
  block_number: 66588394,
  block_timestamp: 1776243600000,
  caller_contract_address: 'TQiG3UXV9uSLyW5Ax7Pa9WwcT9EhEJnU4c',
  contract_address: 'TQiG3UXV9uSLyW5Ax7Pa9WwcT9EhEJnU4c',
  event_index: 0,
  event_name: 'DelegateSet',
  result: {
    '0': '0xfcc612f5b195f12135ba0cb2c2c9ca23e51fefee',
    '1': '0xdbf2e4b885e6de39190e15723abcfaa1d91b93b3',
    delegate: '0xdbf2e4b885e6de39190e15723abcfaa1d91b93b3',
    player: '0xfcc612f5b195f12135ba0cb2c2c9ca23e51fefee'
  },
  result_type: { delegate: 'address', player: 'address' },
  event: 'DelegateSet(address indexed player, address indexed delegate)',
  transaction_id: '9d1308f22d13e9e9d5a1691a5e24e1431ccbe821cb24192fac1cb1f55ecb3cee'
}
[EventListener] Event: Deposited {
  block_number: 66588390,
  block_timestamp: 1776243588000,
  caller_contract_address: 'TQiG3UXV9uSLyW5Ax7Pa9WwcT9EhEJnU4c',
  contract_address: 'TQiG3UXV9uSLyW5Ax7Pa9WwcT9EhEJnU4c',
  event_index: 0,
  event_name: 'Deposited',
  result: {
    '0': '0xfcc612f5b195f12135ba0cb2c2c9ca23e51fefee',
    '1': '100000000',
    amount: '100000000',
    player: '0xfcc612f5b195f12135ba0cb2c2c9ca23e51fefee'
  },
  result_type: { amount: 'uint256', player: 'address' },
  event: 'Deposited(address indexed player, uint256 amount)',
  transaction_id: 'd28807b641d930cae56e3e4061eec729dbd29d5a8ebb5e67943cfbd7297a6205'
}
[EventListener] ✅ DEPOSIT EVENT: 0xfcc612f5b195f12135ba0cb2c2c9ca23e51fefee deposited 100000000 SUN (100 TRX)
[EventListener] Event details: {
  "0": "0xfcc612f5b195f12135ba0cb2c2c9ca23e51fefee",
  "1": "100000000",
  "amount": "100000000",
  "player": "0xfcc612f5b195f12135ba0cb2c2c9ca23e51fefee"
}
[EventListener] Event: JoinedTableFor {
  block_number: 66588388,
  block_timestamp: 1776243582000,
  caller_contract_address: 'TQiG3UXV9uSLyW5Ax7Pa9WwcT9EhEJnU4c',
  contract_address: 'TQiG3UXV9uSLyW5Ax7Pa9WwcT9EhEJnU4c',
  event_index: 0,
  event_name: 'JoinedTableFor',
  result: {
    '0': '0x25e7865d0ba73cbce96e490898d8f8dd2cdf3d8c',
    '1': '1',
    '2': '100000000',
    '3': '0xdbf2e4b885e6de39190e15723abcfaa1d91b93b3',
    buyIn: '100000000',
    delegate: '0xdbf2e4b885e6de39190e15723abcfaa1d91b93b3',
    tableId: '1',
    player: '0x25e7865d0ba73cbce96e490898d8f8dd2cdf3d8c'
  },
  result_type: {
    buyIn: 'uint256',
    delegate: 'address',
    tableId: 'uint256',
    player: 'address'
  },
  event: 'JoinedTableFor(address indexed player, uint256 indexed tableId, uint256 buyIn, address indexed delegate)',
  transaction_id: 'ce2782e5511d50806fd906fcf693d55d3a2ab4f918d4e046f24326c878982b56'
}
[EventListener] JoinedTableFor: 0x25e7865d0ba73cbce96e490898d8f8dd2cdf3d8c joined table 1
[GameFlowIntegration] Syncing balance for TDRdMnXmZBX9koG3Mu4cJwQuPXykQ5CGJ7
[EventListener] Event: Deposited {
  block_number: 66588386,
  block_timestamp: 1776243576000,
  caller_contract_address: 'TQiG3UXV9uSLyW5Ax7Pa9WwcT9EhEJnU4c',
  contract_address: 'TQiG3UXV9uSLyW5Ax7Pa9WwcT9EhEJnU4c',
  event_index: 0,
  event_name: 'Deposited',
  result: {
    '0': '0x25e7865d0ba73cbce96e490898d8f8dd2cdf3d8c',
    '1': '100000000',
    amount: '100000000',
    player: '0x25e7865d0ba73cbce96e490898d8f8dd2cdf3d8c'
  },
  result_type: { amount: 'uint256', player: 'address' },
  event: 'Deposited(address indexed player, uint256 amount)',
  transaction_id: 'c79d39a131a4f3ed40ab992e2b54a5dc64ae46900e7e8a752ac018375440a064'
}
[EventListener] ✅ DEPOSIT EVENT: 0x25e7865d0ba73cbce96e490898d8f8dd2cdf3d8c deposited 100000000 SUN (100 TRX)
[EventListener] Event details: {
  "0": "0x25e7865d0ba73cbce96e490898d8f8dd2cdf3d8c",
  "1": "100000000",
  "amount": "100000000",
  "player": "0x25e7865d0ba73cbce96e490898d8f8dd2cdf3d8c"
}
[Server] 💰 Server wallet balance: 892.70 TRX
[EventListener] Balance synced after JoinedTableFor: locked=0 TRX
[EventListener] Balance synced after JoinedTableFor: locked=0 TRX
[EventListener] Balance synced after JoinedTableFor: locked=0 TRX
[EventListener] Polled 20 events from contract TQiG3UXV9uSLyW5Ax7Pa9WwcT9EhEJnU4c
[EventListener] Polled 20 events from contract TQiG3UXV9uSLyW5Ax7Pa9WwcT9EhEJnU4c
[EventListener] Polled 20 events from contract TQiG3UXV9uSLyW5Ax7Pa9WwcT9EhEJnU4c
[ContractService] Table 1 owner set to TW2BxbsK6VoqMiotWuc56gsupF6gaEsXuA
[Server] ✅ Server set as table owner for table 1
[Server] Blockchain services initialized successfully
[Server] Initializing AMM Services...
[EventListener] Polled 20 events from contract TQiG3UXV9uSLyW5Ax7Pa9WwcT9EhEJnU4c
[LiquidityService] Initialized successfully
[LiquidityService] Created new price history at 11:36:00 PM
[LiquidityService] Synced pool state: reserveTRX=3931235025, reserveCHIP=1445582152
[LiquidityService] Started periodic sync (30000ms)
[PriceOracleService] Initialized successfully
[Server] ✅ AMM Services initialized
[Server]    Pool: TDoYGYAgPLrWTSjsANUuAjEFaAKr3oBo3v
[Server]    Router: TXfeHckcmZeigv1ixUyFkTc9q7NHNGfcPJ
[Server]    Token: TFWScXGFALnK9D79zf5Jrnw5on7aqJiaY3
[EventListener] Polled 20 events from contract TQiG3UXV9uSLyW5Ax7Pa9WwcT9EhEJnU4c
[EventListener] Polled 20 events from contract TQiG3UXV9uSLyW5Ax7Pa9WwcT9EhEJnU4c
[LiquidityService] Created new price history at 11:37:00 PM
[LiquidityService] Synced pool state: reserveTRX=3931235025, reserveCHIP=1445582152
[EventListener] Polled 20 events from contract TQiG3UXV9uSLyW5Ax7Pa9WwcT9EhEJnU4c
[EventListener] Polled 20 events from contract TQiG3UXV9uSLyW5Ax7Pa9WwcT9EhEJnU4c
[LiquidityService] Synced pool state: reserveTRX=3931235025, reserveCHIP=1445582152
[EventListener] Polled 20 events from contract TQiG3UXV9uSLyW5Ax7Pa9WwcT9EhEJnU4c
[EventListener] Polled 20 events from contract TQiG3UXV9uSLyW5Ax7Pa9WwcT9EhEJnU4c
[LiquidityService] Created new price history at 11:38:00 PM
[LiquidityService] Synced pool state: reserveTRX=3931235025, reserveCHIP=1445582152
[EventListener] Polled 20 events from contract TQiG3UXV9uSLyW5Ax7Pa9WwcT9EhEJnU4c
[EventListener] Polled 20 events from contract TQiG3UXV9uSLyW5Ax7Pa9WwcT9EhEJnU4c
[LiquidityService] Synced pool state: reserveTRX=3931235025, reserveCHIP=1445582152
[EventListener] Polled 20 events from contract TQiG3UXV9uSLyW5Ax7Pa9WwcT9EhEJnU4c
[EventListener] Polled 20 events from contract TQiG3UXV9uSLyW5Ax7Pa9WwcT9EhEJnU4c
[LiquidityService] Created new price history at 11:39:00 PM
[LiquidityService] Synced pool state: reserveTRX=3931235025, reserveCHIP=1445582152
[EventListener] Polled 20 events from contract TQiG3UXV9uSLyW5Ax7Pa9WwcT9EhEJnU4c
[EventListener] Polled 20 events from contract TQiG3UXV9uSLyW5Ax7Pa9WwcT9EhEJnU4c
[LiquidityService] Synced pool state: reserveTRX=3931235025, reserveCHIP=1445582152
[EventListener] Polled 20 events from contract TQiG3UXV9uSLyW5Ax7Pa9WwcT9EhEJnU4c
[LiquidityService] Created new price history at 11:40:00 PM
[LiquidityService] Synced pool state: reserveTRX=3931235025, reserveCHIP=1445582152
[EventListener] Polled 20 events from contract TQiG3UXV9uSLyW5Ax7Pa9WwcT9EhEJnU4c
[EventListener] Polled 20 events from contract TQiG3UXV9uSLyW5Ax7Pa9WwcT9EhEJnU4c
[LiquidityService] Synced pool state: reserveTRX=3931235025, reserveCHIP=1445582152
[EventListener] Polled 20 events from contract TQiG3UXV9uSLyW5Ax7Pa9WwcT9EhEJnU4c
[EventListener] Polled 20 events from contract TQiG3UXV9uSLyW5Ax7Pa9WwcT9EhEJnU4c
[LiquidityService] Created new price history at 11:41:00 PM
[LiquidityService] Synced pool state: reserveTRX=3931235025, reserveCHIP=1445582152
[EventListener] Polled 20 events from contract TQiG3UXV9uSLyW5Ax7Pa9WwcT9EhEJnU4c
[EventListener] Polled 20 events from contract TQiG3UXV9uSLyW5Ax7Pa9WwcT9EhEJnU4c
[LiquidityService] Synced pool state: reserveTRX=3931235025, reserveCHIP=1445582152
[EventListener] Polled 20 events from contract TQiG3UXV9uSLyW5Ax7Pa9WwcT9EhEJnU4c
[LiquidityService] Created new price history at 11:42:00 PM
[LiquidityService] Synced pool state: reserveTRX=3931235025, reserveCHIP=1445582152
[EventListener] Polled 20 events from contract TQiG3UXV9uSLyW5Ax7Pa9WwcT9EhEJnU4c
[EventListener] Polled 20 events from contract TQiG3UXV9uSLyW5Ax7Pa9WwcT9EhEJnU4c
[LiquidityService] Synced pool state: reserveTRX=3931235025, reserveCHIP=1445582152
[EventListener] Polled 20 events from contract TQiG3UXV9uSLyW5Ax7Pa9WwcT9EhEJnU4c
[EventListener] Polled 20 events from contract TQiG3UXV9uSLyW5Ax7Pa9WwcT9EhEJnU4c
[LiquidityService] Created new price history at 11:43:00 PM
[LiquidityService] Synced pool state: reserveTRX=3931235025, reserveCHIP=1445582152
[EventListener] Polled 20 events from contract TQiG3UXV9uSLyW5Ax7Pa9WwcT9EhEJnU4c
[LiquidityService] Synced pool state: reserveTRX=3931235025, reserveCHIP=1445582152
[EventListener] Polled 20 events from contract TQiG3UXV9uSLyW5Ax7Pa9WwcT9EhEJnU4c
[EventListener] Polled 20 events from contract TQiG3UXV9uSLyW5Ax7Pa9WwcT9EhEJnU4c
[LiquidityService] Created new price history at 11:44:00 PM
[LiquidityService] Synced pool state: reserveTRX=3931235025, reserveCHIP=1445582152
[EventListener] Polled 20 events from contract TQiG3UXV9uSLyW5Ax7Pa9WwcT9EhEJnU4c
[EventListener] Polled 20 events from contract TQiG3UXV9uSLyW5Ax7Pa9WwcT9EhEJnU4c
[LiquidityService] Synced pool state: reserveTRX=3931235025, reserveCHIP=1445582152
[EventListener] Polled 20 events from contract TQiG3UXV9uSLyW5Ax7Pa9WwcT9EhEJnU4c
[LiquidityService] Created new price history at 11:45:00 PM
[LiquidityService] Synced pool state: reserveTRX=3931235025, reserveCHIP=1445582152
[EventListener] Polled 20 events from contract TQiG3UXV9uSLyW5Ax7Pa9WwcT9EhEJnU4c
[EventListener] Polled 20 events from contract TQiG3UXV9uSLyW5Ax7Pa9WwcT9EhEJnU4c
[LiquidityService] Synced pool state: reserveTRX=3931235025, reserveCHIP=1445582152
[EventListener] Polled 20 events from contract TQiG3UXV9uSLyW5Ax7Pa9WwcT9EhEJnU4c
[EventListener] Polled 20 events from contract TQiG3UXV9uSLyW5Ax7Pa9WwcT9EhEJnU4c
[LiquidityService] Created new price history at 11:46:00 PM
[LiquidityService] Synced pool state: reserveTRX=3931235025, reserveCHIP=1445582152
[EventListener] Polled 20 events from contract TQiG3UXV9uSLyW5Ax7Pa9WwcT9EhEJnU4c
[EventListener] Polled 20 events from contract TQiG3UXV9uSLyW5Ax7Pa9WwcT9EhEJnU4c
[LiquidityService] Synced pool state: reserveTRX=3931235025, reserveCHIP=1445582152
[EventListener] Polled 20 events from contract TQiG3UXV9uSLyW5Ax7Pa9WwcT9EhEJnU4c
[EventListener] Polled 20 events from contract TQiG3UXV9uSLyW5Ax7Pa9WwcT9EhEJnU4c
[LiquidityService] Created new price history at 11:47:00 PM
[LiquidityService] Synced pool state: reserveTRX=3931235025, reserveCHIP=1445582152
[EventListener] Polled 20 events from contract TQiG3UXV9uSLyW5Ax7Pa9WwcT9EhEJnU4c
[EventListener] Polled 20 events from contract TQiG3UXV9uSLyW5Ax7Pa9WwcT9EhEJnU4c
[LiquidityService] Synced pool state: reserveTRX=3931235025, reserveCHIP=1445582152
[EventListener] Polled 20 events from contract TQiG3UXV9uSLyW5Ax7Pa9WwcT9EhEJnU4c
[LiquidityService] Created new price history at 11:48:00 PM
[LiquidityService] Synced pool state: reserveTRX=3931235025, reserveCHIP=1445582152
[EventListener] Polled 20 events from contract TQiG3UXV9uSLyW5Ax7Pa9WwcT9EhEJnU4c
[EventListener] Polled 20 events from contract TQiG3UXV9uSLyW5Ax7Pa9WwcT9EhEJnU4c
[LiquidityService] Synced pool state: reserveTRX=3931235025, reserveCHIP=1445582152
[EventListener] Polled 20 events from contract TQiG3UXV9uSLyW5Ax7Pa9WwcT9EhEJnU4c
[EventListener] Polled 20 events from contract TQiG3UXV9uSLyW5Ax7Pa9WwcT9EhEJnU4c
[LiquidityService] Created new price history at 11:49:00 PM
[LiquidityService] Synced pool state: reserveTRX=3931235025, reserveCHIP=1445582152
[EventListener] Polled 20 events from contract TQiG3UXV9uSLyW5Ax7Pa9WwcT9EhEJnU4c
[LiquidityService] Synced pool state: reserveTRX=3931235025, reserveCHIP=1445582152
[EventListener] Polled 20 events from contract TQiG3UXV9uSLyW5Ax7Pa9WwcT9EhEJnU4c
[EventListener] Polled 20 events from contract TQiG3UXV9uSLyW5Ax7Pa9WwcT9EhEJnU4c
[LiquidityService] Created new price history at 11:50:00 PM
[LiquidityService] Synced pool state: reserveTRX=3931235025, reserveCHIP=1445582152
[EventListener] Polled 20 events from contract TQiG3UXV9uSLyW5Ax7Pa9WwcT9EhEJnU4c
[EventListener] Polled 20 events from contract TQiG3UXV9uSLyW5Ax7Pa9WwcT9EhEJnU4c
[LiquidityService] Synced pool state: reserveTRX=3931235025, reserveCHIP=1445582152
[EventListener] Polled 20 events from contract TQiG3UXV9uSLyW5Ax7Pa9WwcT9EhEJnU4c
[LiquidityService] Created new price history at 11:51:00 PM
[LiquidityService] Synced pool state: reserveTRX=3931235025, reserveCHIP=1445582152
[EventListener] Polled 20 events from contract TQiG3UXV9uSLyW5Ax7Pa9WwcT9EhEJnU4c
[EventListener] Polled 20 events from contract TQiG3UXV9uSLyW5Ax7Pa9WwcT9EhEJnU4c
[LiquidityService] Synced pool state: reserveTRX=3931235025, reserveCHIP=1445582152
[EventListener] Polled 20 events from contract TQiG3UXV9uSLyW5Ax7Pa9WwcT9EhEJnU4c
[EventListener] Polled 20 events from contract TQiG3UXV9uSLyW5Ax7Pa9WwcT9EhEJnU4c
[LiquidityService] Created new price history at 11:52:00 PM
[LiquidityService] Synced pool state: reserveTRX=3931235025, reserveCHIP=1445582152
[EventListener] Polled 20 events from contract TQiG3UXV9uSLyW5Ax7Pa9WwcT9EhEJnU4c
[LiquidityService] Synced pool state: reserveTRX=3931235025, reserveCHIP=1445582152
[EventListener] Polled 20 events from contract TQiG3UXV9uSLyW5Ax7Pa9WwcT9EhEJnU4c
[EventListener] Polled 20 events from contract TQiG3UXV9uSLyW5Ax7Pa9WwcT9EhEJnU4c
[LiquidityService] Created new price history at 11:53:00 PM
[LiquidityService] Synced pool state: reserveTRX=3931235025, reserveCHIP=1445582152
[EventListener] Polled 20 events from contract TQiG3UXV9uSLyW5Ax7Pa9WwcT9EhEJnU4c
POST http://127.0.0.1:7778/api/tournament/create
[TournamentService] Created test tournament 1776268412778, mockGame=true
[Tournament API] Created tournament 1776268412778, mockGame=true
[EventListener] Polled 20 events from contract TQiG3UXV9uSLyW5Ax7Pa9WwcT9EhEJnU4c
[LiquidityService] Synced pool state: reserveTRX=3931235025, reserveCHIP=1445582152
POST http://127.0.0.1:7778/api/tournament/create
[TournamentService] Created test tournament 1776268425725, mockGame=true
[Tournament API] Created tournament 1776268425725, mockGame=true
[TournamentService] Test mode: Socket.IO instance set
[EventListener] Polled 20 events from contract TQiG3UXV9uSLyW5Ax7Pa9WwcT9EhEJnU4c
SC_LOBBY_CONNECTED undefined KiN7L6ICG64XAYz4AAAB
[TournamentHandler] Player TX27LjDqk6... joining tournament 1776268425725, socketId=KiN7L6ICG64XAYz4AAAB
[Socket] getPlayerBankroll(TX27LjDqk64d4NvBXKT1taAYX5Dpf4JpL4) - total players: 0, details: []
[TournamentService] Test mode: GFI cache balance: 100.00 TRX
[TournamentService] Test mode: Player TX27LjDqk6... has 100 TRX >= 100 TRX
[ContractService] joinTableFor: player=TX27LjDqk64d4NvBXKT1taAYX5Dpf4JpL4, tableId=1776268425, buyIn=100000000
[TournamentHandler] >>> CS_TOURNAMENT_ROOM_JOIN: tournamentId=1776268425725, wallet=tx27ljdqk6..., socketId=KiN7L6ICG64XAYz4AAAB
[TournamentHandler] Socket KiN7L6ICG64XAYz4AAAB joined room tournament:1776268425725
[TournamentHandler] Tournament status: WAITING, players: 0
[TournamentHandler] Looking for normalizedWallet: tx27ljdqk6...
[TournamentHandler] Player index found: -1
[TournamentHandler] Active table exists: false
[TournamentHandler] existingPlayer=false, isInProgress=false, willSendState=false
[ContractService] joinTableFor txId: 1861fbcc36377f19a445677a97d106db7101e0c8f7d0e131aa7765746fc01323
[TournamentService] Test mode: ✅ Locked 100 TRX buyIn on chain
[TournamentService] Test mode: Player TX27LjDqk64d4NvBXKT1taAYX5Dpf4JpL4 joined tournament 1776268425725
[TournamentService] Test mode: Player count 1/2
[TournamentService] Test mode: Player addresses in DB: tx27ljdqk6
[EventListener] Polled 20 events from contract TQiG3UXV9uSLyW5Ax7Pa9WwcT9EhEJnU4c
[EventListener] Event: JoinedTableFor {
  block_number: 66596645,
  block_timestamp: 1776268437000,
  caller_contract_address: 'TQiG3UXV9uSLyW5Ax7Pa9WwcT9EhEJnU4c',
  contract_address: 'TQiG3UXV9uSLyW5Ax7Pa9WwcT9EhEJnU4c',
  event_index: 0,
  event_name: 'JoinedTableFor',
  result: {
    '0': '0xe6e729f4cf0dfb5f4b558a7c6f09e83863bcc527',
    '1': '1776268425',
    '2': '100000000',
    '3': '0xdbf2e4b885e6de39190e15723abcfaa1d91b93b3',
    buyIn: '100000000',
    delegate: '0xdbf2e4b885e6de39190e15723abcfaa1d91b93b3',
    tableId: '1776268425',
    player: '0xe6e729f4cf0dfb5f4b558a7c6f09e83863bcc527'
  },
  result_type: {
    buyIn: 'uint256',
    delegate: 'address',
    tableId: 'uint256',
    player: 'address'
  },
  event: 'JoinedTableFor(address indexed player, uint256 indexed tableId, uint256 buyIn, address indexed delegate)',
  transaction_id: '1861fbcc36377f19a445677a97d106db7101e0c8f7d0e131aa7765746fc01323',
  _unconfirmed: true
}
[EventListener] JoinedTableFor: 0xe6e729f4cf0dfb5f4b558a7c6f09e83863bcc527 joined table 1776268425
[GameFlowIntegration] Syncing balance for TX27LjDqk64d4NvBXKT1taAYX5Dpf4JpL4
[EventListener] Balance synced after JoinedTableFor: locked=100 TRX
[LiquidityService] Created new price history at 11:54:00 PM
[LiquidityService] Synced pool state: reserveTRX=3931235025, reserveCHIP=1445582152
[EventListener] Polled 20 events from contract TQiG3UXV9uSLyW5Ax7Pa9WwcT9EhEJnU4c
[TournamentHandler] Disconnect event: socketId=KiN7L6ICG64XAYz4AAAB, tournamentId=1776268425725, wallet=tx27ljdqk6...
[TournamentHandler] Calling TournamentService.handleDisconnect for tournament 1776268425725
[TournamentService] Test mode handleDisconnect for socket: KiN7L6ICG64XAYz4AAAB, wallet: tx27ljdqk6
[TournamentHandler] handleDisconnect result: null
[TournamentHandler] Socket disconnected: KiN7L6ICG64XAYz4AAAB, wallet: tx27ljdqk6...
[LiquidityService] Synced pool state: reserveTRX=3931235025, reserveCHIP=1445582152
[EventListener] Polled 20 events from contract TQiG3UXV9uSLyW5Ax7Pa9WwcT9EhEJnU4c
GET http://127.0.0.1:7778/api/health
GET http://127.0.0.1:7778/api/tournament/configs
GET http://127.0.0.1:7778/api/tournament/configs
[EventListener] Polled 20 events from contract TQiG3UXV9uSLyW5Ax7Pa9WwcT9EhEJnU4c
[LiquidityService] Created new price history at 11:55:00 PM
[LiquidityService] Synced pool state: reserveTRX=3931235025, reserveCHIP=1445582152
[EventListener] Polled 20 events from contract TQiG3UXV9uSLyW5Ax7Pa9WwcT9EhEJnU4c
[EventListener] Polled 20 events from contract TQiG3UXV9uSLyW5Ax7Pa9WwcT9EhEJnU4c
[LiquidityService] Synced pool state: reserveTRX=3931235025, reserveCHIP=1445582152
[EventListener] Polled 20 events from contract TQiG3UXV9uSLyW5Ax7Pa9WwcT9EhEJnU4c
[LiquidityService] Created new price history at 11:56:00 PM
[LiquidityService] Synced pool state: reserveTRX=3931235025, reserveCHIP=1445582152
[EventListener] Polled 20 events from contract TQiG3UXV9uSLyW5Ax7Pa9WwcT9EhEJnU4c
[EventListener] Polled 20 events from contract TQiG3UXV9uSLyW5Ax7Pa9WwcT9EhEJnU4c
[LiquidityService] Synced pool state: reserveTRX=3931235025, reserveCHIP=1445582152
[EventListener] Polled 20 events from contract TQiG3UXV9uSLyW5Ax7Pa9WwcT9EhEJnU4c
[EventListener] Polled 20 events from contract TQiG3UXV9uSLyW5Ax7Pa9WwcT9EhEJnU4c
[LiquidityService] Created new price history at 11:57:00 PM
[LiquidityService] Synced pool state: reserveTRX=3931235025, reserveCHIP=1445582152
[EventListener] Polled 20 events from contract TQiG3UXV9uSLyW5Ax7Pa9WwcT9EhEJnU4c
[LiquidityService] Synced pool state: reserveTRX=3931235025, reserveCHIP=1445582152
[EventListener] Polled 20 events from contract TQiG3UXV9uSLyW5Ax7Pa9WwcT9EhEJnU4c
[EventListener] Polled 20 events from contract TQiG3UXV9uSLyW5Ax7Pa9WwcT9EhEJnU4c
[EventListener] Polled 20 events from contract TQiG3UXV9uSLyW5Ax7Pa9WwcT9EhEJnU4c
[LiquidityService] Sync pool state error: AxiosError: Request failed with status code 502
    at settle (/Users/yingfengzhang/1JackSource/blockchain/game-core/node_modules/axios/dist/node/axios.cjs:2151:12)
    at IncomingMessage.handleStreamEnd (/Users/yingfengzhang/1JackSource/blockchain/game-core/node_modules/axios/dist/node/axios.cjs:3545:11)
    at IncomingMessage.emit (node:events:520:35)
    at endReadableNT (node:internal/streams/readable:1701:12)
    at process.processTicksAndRejections (node:internal/process/task_queues:90:21)
    at Axios.request (/Users/yingfengzhang/1JackSource/blockchain/game-core/node_modules/axios/dist/node/axios.cjs:4796:41)
    at process.processTicksAndRejections (node:internal/process/task_queues:105:5)
    at async TransactionBuilder._triggerSmartContract (/Users/yingfengzhang/1JackSource/blockchain/game-core/node_modules/tronweb/lib/commonjs/lib/TransactionBuilder/TransactionBuilder.js:981:29)
    at async Method._call (/Users/yingfengzhang/1JackSource/blockchain/game-core/node_modules/tronweb/lib/commonjs/lib/contract/method.js:113:29)
    at async Object.call (/Users/yingfengzhang/1JackSource/blockchain/game-core/node_modules/tronweb/lib/commonjs/lib/contract/method.js:76:24)
    at async LiquidityService.syncPoolState (/Users/yingfengzhang/1JackSource/blockchain/game-core/server/services/LiquidityService.js:88:38)
    at async Timeout._onTimeout (/Users/yingfengzhang/1JackSource/blockchain/game-core/server/services/LiquidityService.js:55:17) {
  isAxiosError: true,
  code: 'ERR_BAD_RESPONSE',
  config: {
    transitional: {
      silentJSONParsing: true,
      forcedJSONParsing: true,
      clarifyTimeoutError: false,
      legacyInterceptorReqResOrdering: true
    },
    adapter: [ 'xhr', 'http', 'fetch' ],
    transformRequest: [ [Function: transformRequest] ],
    transformResponse: [ [Function: transformResponse] ],
    timeout: 30000,
    xsrfCookieName: 'XSRF-TOKEN',
    xsrfHeaderName: 'X-XSRF-TOKEN',
    maxContentLength: -1,
    maxBodyLength: -1,
    env: { FormData: [Function], Blob: [class Blob] },
    validateStatus: [Function: validateStatus],
    headers: Object [AxiosHeaders] {
      Accept: 'application/json, text/plain, */*',
      'Content-Type': 'application/json',
      'TRON-PRO-API-KEY': 'b9ffe304-85f2-4ba1-ad7a-d51c4f87c290',
      'User-Agent': 'axios/1.13.5',
      'Content-Length': '201',
      'Accept-Encoding': 'gzip, compress, deflate, br'
    },
    baseURL: 'https://nile.trongrid.io',
    data: '{"contract_address":"412a0c6d3c41602690efd845ed0328426d088e09a5","owner_address":"41dbf2e4b885e6de39190e15723abcfaa1d91b93b3","function_selector":"price0CumulativeLast()","parameter":"","call_value":0}',
    params: false,
    url: 'wallet/triggerconstantcontract',
    method: 'post',
    allowAbsoluteUrls: true
  },
  request: <ref *1> ClientRequest {
    _events: [Object: null prototype] {
      abort: [Function (anonymous)],
      aborted: [Function (anonymous)],
      connect: [Function (anonymous)],
      error: [Function (anonymous)],
      socket: [Function (anonymous)],
      timeout: [Function (anonymous)],
      finish: [Function: requestOnFinish]
    },
    _eventsCount: 7,
    _maxListeners: undefined,
    outputData: [],
    outputSize: 0,
    writable: true,
    destroyed: false,
    _last: false,
    chunkedEncoding: false,
    shouldKeepAlive: false,
    maxRequestsOnConnectionReached: false,
    _defaultKeepAlive: true,
    useChunkedEncodingByDefault: true,
    sendDate: false,
    _removedConnection: false,
    _removedContLen: false,
    _removedTE: false,
    strictContentLength: false,
    _contentLength: 201,
    _hasBody: true,
    _trailer: '',
    finished: true,
    _headerSent: true,
    _closed: false,
    _header: 'POST https://nile.trongrid.io/wallet/triggerconstantcontract HTTP/1.1\r\n' +
      'Accept: application/json, text/plain, */*\r\n' +
      'Content-Type: application/json\r\n' +
      'TRON-PRO-API-KEY: b9ffe304-85f2-4ba1-ad7a-d51c4f87c290\r\n' +
      'User-Agent: axios/1.13.5\r\n' +
      'Content-Length: 201\r\n' +
      'Accept-Encoding: gzip, compress, deflate, br\r\n' +
      'host: nile.trongrid.io\r\n' +
      'Connection: keep-alive\r\n' +
      '\r\n',
    _keepAliveTimeout: 0,
    _onPendingData: [Function: nop],
    agent: Agent {
      _events: [Object: null prototype],
      _eventsCount: 2,
      _maxListeners: undefined,
      options: [Object: null prototype],
      defaultPort: 80,
      protocol: 'http:',
      requests: [Object: null prototype] {},
      sockets: [Object: null prototype],
      freeSockets: [Object: null prototype] {},
      keepAliveMsecs: 1000,
      keepAlive: true,
      maxSockets: Infinity,
      maxFreeSockets: 256,
      scheduling: 'lifo',
      maxTotalSockets: Infinity,
      totalSocketCount: 1,
      agentKeepAliveTimeoutBuffer: 1000,
      Symbol(shapeMode): false,
      Symbol(kCapture): false
    },
    socketPath: undefined,
    method: 'POST',
    maxHeaderSize: undefined,
    insecureHTTPParser: undefined,
    joinDuplicateHeaders: undefined,
    path: 'https://nile.trongrid.io/wallet/triggerconstantcontract',
    _ended: true,
    res: IncomingMessage {
      _events: [Object],
      _readableState: [ReadableState],
      _maxListeners: undefined,
      socket: [Socket],
      httpVersionMajor: 1,
      httpVersionMinor: 1,
      httpVersion: '1.1',
      complete: true,
      rawHeaders: [Array],
      rawTrailers: [],
      joinDuplicateHeaders: undefined,
      aborted: false,
      upgrade: false,
      url: '',
      method: null,
      statusCode: 502,
      statusMessage: 'Bad Gateway',
      client: [Socket],
      _consuming: false,
      _dumped: false,
      req: [Circular *1],
      _eventsCount: 4,
      responseUrl: 'https://nile.trongrid.io/wallet/triggerconstantcontract',
      redirects: [],
      Symbol(shapeMode): true,
      Symbol(kCapture): false,
      Symbol(kHeaders): [Object],
      Symbol(kHeadersCount): 4,
      Symbol(kTrailers): null,
      Symbol(kTrailersCount): 0
    },
    aborted: false,
    timeoutCb: [Function: emitRequestTimeout],
    upgradeOrConnect: false,
    parser: null,
    maxHeadersCount: null,
    reusedSocket: false,
    host: '127.0.0.1',
    protocol: 'http:',
    _redirectable: Writable {
      _events: [Object],
      _writableState: [WritableState],
      _maxListeners: undefined,
      _options: [Object],
      _ended: true,
      _ending: true,
      _redirectCount: 0,
      _redirects: [],
      _requestBodyLength: 201,
      _requestBodyBuffers: [],
      _eventsCount: 3,
      _onNativeResponse: [Function (anonymous)],
      _currentRequest: [Circular *1],
      _currentUrl: 'https://nile.trongrid.io/wallet/triggerconstantcontract',
      _timeout: null,
      Symbol(shapeMode): true,
      Symbol(kCapture): false
    },
    Symbol(shapeMode): false,
    Symbol(kCapture): false,
    Symbol(kBytesWritten): 0,
    Symbol(kNeedDrain): false,
    Symbol(corked): 0,
    Symbol(kChunkedBuffer): [],
    Symbol(kChunkedLength): 0,
    Symbol(kSocket): Socket {
      connecting: false,
      _hadError: false,
      _parent: null,
      _host: null,
      _closeAfterHandlingError: false,
      _events: [Object],
      _readableState: [ReadableState],
      _writableState: [WritableState],
      allowHalfOpen: false,
      _maxListeners: undefined,
      _eventsCount: 7,
      _sockname: null,
      _pendingData: null,
      _pendingEncoding: '',
      server: null,
      _server: null,
      timeout: 30000,
      parser: null,
      _httpMessage: [Circular *1],
      Symbol(async_id_symbol): 15475,
      Symbol(kHandle): [TCP],
      Symbol(lastWriteQueueSize): 0,
      Symbol(timeout): Timeout {
        _idleTimeout: 30000,
        _idlePrev: [TimersList],
        _idleNext: [Timeout],
        _idleStart: 1384864,
        _onTimeout: [Function: bound ],
        _timerArgs: undefined,
        _repeat: null,
        _destroyed: false,
        Symbol(refed): false,
        Symbol(kHasPrimitive): false,
        Symbol(asyncId): 15483,
        Symbol(triggerId): 15477,
        Symbol(kAsyncContextFrame): undefined
      },
      Symbol(kBuffer): null,
      Symbol(kBufferCb): null,
      Symbol(kBufferGen): null,
      Symbol(shapeMode): true,
      Symbol(kCapture): false,
      Symbol(kSetNoDelay): true,
      Symbol(kSetKeepAlive): true,
      Symbol(kSetKeepAliveInitialDelay): 60,
      Symbol(kBytesRead): 0,
      Symbol(kBytesWritten): 0
    },
    Symbol(kOutHeaders): [Object: null prototype] {
      accept: [Array],
      'content-type': [Array],
      'tron-pro-api-key': [Array],
      'user-agent': [Array],
      'content-length': [Array],
      'accept-encoding': [Array],
      host: [Array]
    },
    Symbol(errored): null,
    Symbol(kHighWaterMark): 65536,
    Symbol(kRejectNonStandardBodyWrites): false,
    Symbol(kUniqueHeaders): null
  },
  response: {
    status: 502,
    statusText: 'Bad Gateway',
    headers: Object [AxiosHeaders] {
      connection: 'close',
      'content-length': '0'
    },
    config: {
      transitional: [Object],
      adapter: [Array],
      transformRequest: [Array],
      transformResponse: [Array],
      timeout: 30000,
      xsrfCookieName: 'XSRF-TOKEN',
      xsrfHeaderName: 'X-XSRF-TOKEN',
      maxContentLength: -1,
      maxBodyLength: -1,
      env: [Object],
      validateStatus: [Function: validateStatus],
      headers: [Object [AxiosHeaders]],
      baseURL: 'https://nile.trongrid.io',
      data: '{"contract_address":"412a0c6d3c41602690efd845ed0328426d088e09a5","owner_address":"41dbf2e4b885e6de39190e15723abcfaa1d91b93b3","function_selector":"price0CumulativeLast()","parameter":"","call_value":0}',
      params: false,
      url: 'wallet/triggerconstantcontract',
      method: 'post',
      allowAbsoluteUrls: true
    },
    request: <ref *1> ClientRequest {
      _events: [Object: null prototype],
      _eventsCount: 7,
      _maxListeners: undefined,
      outputData: [],
      outputSize: 0,
      writable: true,
      destroyed: false,
      _last: false,
      chunkedEncoding: false,
      shouldKeepAlive: false,
      maxRequestsOnConnectionReached: false,
      _defaultKeepAlive: true,
      useChunkedEncodingByDefault: true,
      sendDate: false,
      _removedConnection: false,
      _removedContLen: false,
      _removedTE: false,
      strictContentLength: false,
      _contentLength: 201,
      _hasBody: true,
      _trailer: '',
      finished: true,
      _headerSent: true,
      _closed: false,
      _header: 'POST https://nile.trongrid.io/wallet/triggerconstantcontract HTTP/1.1\r\n' +
        'Accept: application/json, text/plain, */*\r\n' +
        'Content-Type: application/json\r\n' +
        'TRON-PRO-API-KEY: b9ffe304-85f2-4ba1-ad7a-d51c4f87c290\r\n' +
        'User-Agent: axios/1.13.5\r\n' +
        'Content-Length: 201\r\n' +
        'Accept-Encoding: gzip, compress, deflate, br\r\n' +
        'host: nile.trongrid.io\r\n' +
        'Connection: keep-alive\r\n' +
        '\r\n',
      _keepAliveTimeout: 0,
      _onPendingData: [Function: nop],
      agent: [Agent],
      socketPath: undefined,
      method: 'POST',
      maxHeaderSize: undefined,
      insecureHTTPParser: undefined,
      joinDuplicateHeaders: undefined,
      path: 'https://nile.trongrid.io/wallet/triggerconstantcontract',
      _ended: true,
      res: [IncomingMessage],
      aborted: false,
      timeoutCb: [Function: emitRequestTimeout],
      upgradeOrConnect: false,
      parser: null,
      maxHeadersCount: null,
      reusedSocket: false,
      host: '127.0.0.1',
      protocol: 'http:',
      _redirectable: [Writable],
      Symbol(shapeMode): false,
      Symbol(kCapture): false,
      Symbol(kBytesWritten): 0,
      Symbol(kNeedDrain): false,
      Symbol(corked): 0,
      Symbol(kChunkedBuffer): [],
      Symbol(kChunkedLength): 0,
      Symbol(kSocket): [Socket],
      Symbol(kOutHeaders): [Object: null prototype],
      Symbol(errored): null,
      Symbol(kHighWaterMark): 65536,
      Symbol(kRejectNonStandardBodyWrites): false,
      Symbol(kUniqueHeaders): null
    },
    data: ''
  },
  status: 502
}
[LiquidityService] Periodic sync error: AxiosError: Request failed with status code 502
    at settle (/Users/yingfengzhang/1JackSource/blockchain/game-core/node_modules/axios/dist/node/axios.cjs:2151:12)
    at IncomingMessage.handleStreamEnd (/Users/yingfengzhang/1JackSource/blockchain/game-core/node_modules/axios/dist/node/axios.cjs:3545:11)
    at IncomingMessage.emit (node:events:520:35)
    at endReadableNT (node:internal/streams/readable:1701:12)
    at process.processTicksAndRejections (node:internal/process/task_queues:90:21)
    at Axios.request (/Users/yingfengzhang/1JackSource/blockchain/game-core/node_modules/axios/dist/node/axios.cjs:4796:41)
    at process.processTicksAndRejections (node:internal/process/task_queues:105:5)
    at async TransactionBuilder._triggerSmartContract (/Users/yingfengzhang/1JackSource/blockchain/game-core/node_modules/tronweb/lib/commonjs/lib/TransactionBuilder/TransactionBuilder.js:981:29)
    at async Method._call (/Users/yingfengzhang/1JackSource/blockchain/game-core/node_modules/tronweb/lib/commonjs/lib/contract/method.js:113:29)
    at async Object.call (/Users/yingfengzhang/1JackSource/blockchain/game-core/node_modules/tronweb/lib/commonjs/lib/contract/method.js:76:24)
    at async LiquidityService.syncPoolState (/Users/yingfengzhang/1JackSource/blockchain/game-core/server/services/LiquidityService.js:88:38)
    at async Timeout._onTimeout (/Users/yingfengzhang/1JackSource/blockchain/game-core/server/services/LiquidityService.js:55:17) {
  isAxiosError: true,
  code: 'ERR_BAD_RESPONSE',
  config: {
    transitional: {
      silentJSONParsing: true,
      forcedJSONParsing: true,
      clarifyTimeoutError: false,
      legacyInterceptorReqResOrdering: true
    },
    adapter: [ 'xhr', 'http', 'fetch' ],
    transformRequest: [ [Function: transformRequest] ],
    transformResponse: [ [Function: transformResponse] ],
    timeout: 30000,
    xsrfCookieName: 'XSRF-TOKEN',
    xsrfHeaderName: 'X-XSRF-TOKEN',
    maxContentLength: -1,
    maxBodyLength: -1,
    env: { FormData: [Function], Blob: [class Blob] },
    validateStatus: [Function: validateStatus],
    headers: Object [AxiosHeaders] {
      Accept: 'application/json, text/plain, */*',
      'Content-Type': 'application/json',
      'TRON-PRO-API-KEY': 'b9ffe304-85f2-4ba1-ad7a-d51c4f87c290',
      'User-Agent': 'axios/1.13.5',
      'Content-Length': '201',
      'Accept-Encoding': 'gzip, compress, deflate, br'
    },
    baseURL: 'https://nile.trongrid.io',
    data: '{"contract_address":"412a0c6d3c41602690efd845ed0328426d088e09a5","owner_address":"41dbf2e4b885e6de39190e15723abcfaa1d91b93b3","function_selector":"price0CumulativeLast()","parameter":"","call_value":0}',
    params: false,
    url: 'wallet/triggerconstantcontract',
    method: 'post',
    allowAbsoluteUrls: true
  },
  request: <ref *1> ClientRequest {
    _events: [Object: null prototype] {
      abort: [Function (anonymous)],
      aborted: [Function (anonymous)],
      connect: [Function (anonymous)],
      error: [Function (anonymous)],
      socket: [Function (anonymous)],
      timeout: [Function (anonymous)],
      finish: [Function: requestOnFinish]
    },
    _eventsCount: 7,
    _maxListeners: undefined,
    outputData: [],
    outputSize: 0,
    writable: true,
    destroyed: false,
    _last: false,
    chunkedEncoding: false,
    shouldKeepAlive: false,
    maxRequestsOnConnectionReached: false,
    _defaultKeepAlive: true,
    useChunkedEncodingByDefault: true,
    sendDate: false,
    _removedConnection: false,
    _removedContLen: false,
    _removedTE: false,
    strictContentLength: false,
    _contentLength: 201,
    _hasBody: true,
    _trailer: '',
    finished: true,
    _headerSent: true,
    _closed: false,
    _header: 'POST https://nile.trongrid.io/wallet/triggerconstantcontract HTTP/1.1\r\n' +
      'Accept: application/json, text/plain, */*\r\n' +
      'Content-Type: application/json\r\n' +
      'TRON-PRO-API-KEY: b9ffe304-85f2-4ba1-ad7a-d51c4f87c290\r\n' +
      'User-Agent: axios/1.13.5\r\n' +
      'Content-Length: 201\r\n' +
      'Accept-Encoding: gzip, compress, deflate, br\r\n' +
      'host: nile.trongrid.io\r\n' +
      'Connection: keep-alive\r\n' +
      '\r\n',
    _keepAliveTimeout: 0,
    _onPendingData: [Function: nop],
    agent: Agent {
      _events: [Object: null prototype],
      _eventsCount: 2,
      _maxListeners: undefined,
      options: [Object: null prototype],
      defaultPort: 80,
      protocol: 'http:',
      requests: [Object: null prototype] {},
      sockets: [Object: null prototype],
      freeSockets: [Object: null prototype] {},
      keepAliveMsecs: 1000,
      keepAlive: true,
      maxSockets: Infinity,
      maxFreeSockets: 256,
      scheduling: 'lifo',
      maxTotalSockets: Infinity,
      totalSocketCount: 1,
      agentKeepAliveTimeoutBuffer: 1000,
      Symbol(shapeMode): false,
      Symbol(kCapture): false
    },
    socketPath: undefined,
    method: 'POST',
    maxHeaderSize: undefined,
    insecureHTTPParser: undefined,
    joinDuplicateHeaders: undefined,
    path: 'https://nile.trongrid.io/wallet/triggerconstantcontract',
    _ended: true,
    res: IncomingMessage {
      _events: [Object],
      _readableState: [ReadableState],
      _maxListeners: undefined,
      socket: [Socket],
      httpVersionMajor: 1,
      httpVersionMinor: 1,
      httpVersion: '1.1',
      complete: true,
      rawHeaders: [Array],
      rawTrailers: [],
      joinDuplicateHeaders: undefined,
      aborted: false,
      upgrade: false,
      url: '',
      method: null,
      statusCode: 502,
      statusMessage: 'Bad Gateway',
      client: [Socket],
      _consuming: false,
      _dumped: false,
      req: [Circular *1],
      _eventsCount: 4,
      responseUrl: 'https://nile.trongrid.io/wallet/triggerconstantcontract',
      redirects: [],
      Symbol(shapeMode): true,
      Symbol(kCapture): false,
      Symbol(kHeaders): [Object],
      Symbol(kHeadersCount): 4,
      Symbol(kTrailers): null,
      Symbol(kTrailersCount): 0
    },
    aborted: false,
    timeoutCb: [Function: emitRequestTimeout],
    upgradeOrConnect: false,
    parser: null,
    maxHeadersCount: null,
    reusedSocket: false,
    host: '127.0.0.1',
    protocol: 'http:',
    _redirectable: Writable {
      _events: [Object],
      _writableState: [WritableState],
      _maxListeners: undefined,
      _options: [Object],
      _ended: true,
      _ending: true,
      _redirectCount: 0,
      _redirects: [],
      _requestBodyLength: 201,
      _requestBodyBuffers: [],
      _eventsCount: 3,
      _onNativeResponse: [Function (anonymous)],
      _currentRequest: [Circular *1],
      _currentUrl: 'https://nile.trongrid.io/wallet/triggerconstantcontract',
      _timeout: null,
      Symbol(shapeMode): true,
      Symbol(kCapture): false
    },
    Symbol(shapeMode): false,
    Symbol(kCapture): false,
    Symbol(kBytesWritten): 0,
    Symbol(kNeedDrain): false,
    Symbol(corked): 0,
    Symbol(kChunkedBuffer): [],
    Symbol(kChunkedLength): 0,
    Symbol(kSocket): Socket {
      connecting: false,
      _hadError: false,
      _parent: null,
      _host: null,
      _closeAfterHandlingError: false,
      _events: [Object],
      _readableState: [ReadableState],
      _writableState: [WritableState],
      allowHalfOpen: false,
      _maxListeners: undefined,
      _eventsCount: 7,
      _sockname: null,
      _pendingData: null,
      _pendingEncoding: '',
      server: null,
      _server: null,
      timeout: 30000,
      parser: null,
      _httpMessage: [Circular *1],
      Symbol(async_id_symbol): 15475,
      Symbol(kHandle): [TCP],
      Symbol(lastWriteQueueSize): 0,
      Symbol(timeout): Timeout {
        _idleTimeout: 30000,
        _idlePrev: [TimersList],
        _idleNext: [Timeout],
        _idleStart: 1384864,
        _onTimeout: [Function: bound ],
        _timerArgs: undefined,
        _repeat: null,
        _destroyed: false,
        Symbol(refed): false,
        Symbol(kHasPrimitive): false,
        Symbol(asyncId): 15483,
        Symbol(triggerId): 15477,
        Symbol(kAsyncContextFrame): undefined
      },
      Symbol(kBuffer): null,
      Symbol(kBufferCb): null,
      Symbol(kBufferGen): null,
      Symbol(shapeMode): true,
      Symbol(kCapture): false,
      Symbol(kSetNoDelay): true,
      Symbol(kSetKeepAlive): true,
      Symbol(kSetKeepAliveInitialDelay): 60,
      Symbol(kBytesRead): 0,
      Symbol(kBytesWritten): 0
    },
    Symbol(kOutHeaders): [Object: null prototype] {
      accept: [Array],
      'content-type': [Array],
      'tron-pro-api-key': [Array],
      'user-agent': [Array],
      'content-length': [Array],
      'accept-encoding': [Array],
      host: [Array]
    },
    Symbol(errored): null,
    Symbol(kHighWaterMark): 65536,
    Symbol(kRejectNonStandardBodyWrites): false,
    Symbol(kUniqueHeaders): null
  },
  response: {
    status: 502,
    statusText: 'Bad Gateway',
    headers: Object [AxiosHeaders] {
      connection: 'close',
      'content-length': '0'
    },
    config: {
      transitional: [Object],
      adapter: [Array],
      transformRequest: [Array],
      transformResponse: [Array],
      timeout: 30000,
      xsrfCookieName: 'XSRF-TOKEN',
      xsrfHeaderName: 'X-XSRF-TOKEN',
      maxContentLength: -1,
      maxBodyLength: -1,
      env: [Object],
      validateStatus: [Function: validateStatus],
      headers: [Object [AxiosHeaders]],
      baseURL: 'https://nile.trongrid.io',
      data: '{"contract_address":"412a0c6d3c41602690efd845ed0328426d088e09a5","owner_address":"41dbf2e4b885e6de39190e15723abcfaa1d91b93b3","function_selector":"price0CumulativeLast()","parameter":"","call_value":0}',
      params: false,
      url: 'wallet/triggerconstantcontract',
      method: 'post',
      allowAbsoluteUrls: true
    },
    request: <ref *1> ClientRequest {
      _events: [Object: null prototype],
      _eventsCount: 7,
      _maxListeners: undefined,
      outputData: [],
      outputSize: 0,
      writable: true,
      destroyed: false,
      _last: false,
      chunkedEncoding: false,
      shouldKeepAlive: false,
      maxRequestsOnConnectionReached: false,
      _defaultKeepAlive: true,
      useChunkedEncodingByDefault: true,
      sendDate: false,
      _removedConnection: false,
      _removedContLen: false,
      _removedTE: false,
      strictContentLength: false,
      _contentLength: 201,
      _hasBody: true,
      _trailer: '',
      finished: true,
      _headerSent: true,
      _closed: false,
      _header: 'POST https://nile.trongrid.io/wallet/triggerconstantcontract HTTP/1.1\r\n' +
        'Accept: application/json, text/plain, */*\r\n' +
        'Content-Type: application/json\r\n' +
        'TRON-PRO-API-KEY: b9ffe304-85f2-4ba1-ad7a-d51c4f87c290\r\n' +
        'User-Agent: axios/1.13.5\r\n' +
        'Content-Length: 201\r\n' +
        'Accept-Encoding: gzip, compress, deflate, br\r\n' +
        'host: nile.trongrid.io\r\n' +
        'Connection: keep-alive\r\n' +
        '\r\n',
      _keepAliveTimeout: 0,
      _onPendingData: [Function: nop],
      agent: [Agent],
      socketPath: undefined,
      method: 'POST',
      maxHeaderSize: undefined,
      insecureHTTPParser: undefined,
      joinDuplicateHeaders: undefined,
      path: 'https://nile.trongrid.io/wallet/triggerconstantcontract',
      _ended: true,
      res: [IncomingMessage],
      aborted: false,
      timeoutCb: [Function: emitRequestTimeout],
      upgradeOrConnect: false,
      parser: null,
      maxHeadersCount: null,
      reusedSocket: false,
      host: '127.0.0.1',
      protocol: 'http:',
      _redirectable: [Writable],
      Symbol(shapeMode): false,
      Symbol(kCapture): false,
      Symbol(kBytesWritten): 0,
      Symbol(kNeedDrain): false,
      Symbol(corked): 0,
      Symbol(kChunkedBuffer): [],
      Symbol(kChunkedLength): 0,
      Symbol(kSocket): [Socket],
      Symbol(kOutHeaders): [Object: null prototype],
      Symbol(errored): null,
      Symbol(kHighWaterMark): 65536,
      Symbol(kRejectNonStandardBodyWrites): false,
      Symbol(kUniqueHeaders): null
    },
    data: ''
  },
  status: 502
}
[EventListener] Polled 20 events from contract TQiG3UXV9uSLyW5Ax7Pa9WwcT9EhEJnU4c
[LiquidityService] Created new price history at 11:58:00 PM
[LiquidityService] Synced pool state: reserveTRX=3931235025, reserveCHIP=1445582152
[EventListener] Polled 20 events from contract TQiG3UXV9uSLyW5Ax7Pa9WwcT9EhEJnU4c
[EventListener] Polled 20 events from contract TQiG3UXV9uSLyW5Ax7Pa9WwcT9EhEJnU4c
[LiquidityService] Created new price history at 11:59:00 PM
[LiquidityService] Synced pool state: reserveTRX=3931235025, reserveCHIP=1445582152
[EventListener] Polled 20 events from contract TQiG3UXV9uSLyW5Ax7Pa9WwcT9EhEJnU4c
[EventListener] Polled 20 events from contract TQiG3UXV9uSLyW5Ax7Pa9WwcT9EhEJnU4c
[LiquidityService] Synced pool state: reserveTRX=3931235025, reserveCHIP=1445582152
[EventListener] Polled 20 events from contract TQiG3UXV9uSLyW5Ax7Pa9WwcT9EhEJnU4c
[LiquidityService] Created new price history at 12:00:00 AM
[LiquidityService] Synced pool state: reserveTRX=3931235025, reserveCHIP=1445582152
[EventListener] Polled 20 events from contract TQiG3UXV9uSLyW5Ax7Pa9WwcT9EhEJnU4c
[EventListener] Polled 20 events from contract TQiG3UXV9uSLyW5Ax7Pa9WwcT9EhEJnU4c
[LiquidityService] Synced pool state: reserveTRX=3931235025, reserveCHIP=1445582152
[EventListener] Polled 20 events from contract TQiG3UXV9uSLyW5Ax7Pa9WwcT9EhEJnU4c
[EventListener] Polled 20 events from contract TQiG3UXV9uSLyW5Ax7Pa9WwcT9EhEJnU4c
[LiquidityService] Created new price history at 12:01:00 AM
[LiquidityService] Synced pool state: reserveTRX=3931235025, reserveCHIP=1445582152
[EventListener] Polled 20 events from contract TQiG3UXV9uSLyW5Ax7Pa9WwcT9EhEJnU4c
[EventListener] Polled 20 events from contract TQiG3UXV9uSLyW5Ax7Pa9WwcT9EhEJnU4c
[LiquidityService] Synced pool state: reserveTRX=3931235025, reserveCHIP=1445582152
[EventListener] Polled 20 events from contract TQiG3UXV9uSLyW5Ax7Pa9WwcT9EhEJnU4c
[EventListener] Polled 20 events from contract TQiG3UXV9uSLyW5Ax7Pa9WwcT9EhEJnU4c
[LiquidityService] Created new price history at 12:02:00 AM
[LiquidityService] Synced pool state: reserveTRX=3931235025, reserveCHIP=1445582152
[EventListener] Polled 20 events from contract TQiG3UXV9uSLyW5Ax7Pa9WwcT9EhEJnU4c
[EventListener] Polled 20 events from contract TQiG3UXV9uSLyW5Ax7Pa9WwcT9EhEJnU4c
[LiquidityService] Synced pool state: reserveTRX=3931235025, reserveCHIP=1445582152
[EventListener] Polled 20 events from contract TQiG3UXV9uSLyW5Ax7Pa9WwcT9EhEJnU4c
[LiquidityService] Created new price history at 12:03:00 AM
[LiquidityService] Synced pool state: reserveTRX=3931235025, reserveCHIP=1445582152
[EventListener] Polled 20 events from contract TQiG3UXV9uSLyW5Ax7Pa9WwcT9EhEJnU4c
[EventListener] Polled 20 events from contract TQiG3UXV9uSLyW5Ax7Pa9WwcT9EhEJnU4c
[LiquidityService] Synced pool state: reserveTRX=3931235025, reserveCHIP=1445582152
[EventListener] Polled 20 events from contract TQiG3UXV9uSLyW5Ax7Pa9WwcT9EhEJnU4c
[EventListener] Polled 20 events from contract TQiG3UXV9uSLyW5Ax7Pa9WwcT9EhEJnU4c
[LiquidityService] Created new price history at 12:04:00 AM
[LiquidityService] Synced pool state: reserveTRX=3931235025, reserveCHIP=1445582152
[EventListener] Polled 20 events from contract TQiG3UXV9uSLyW5Ax7Pa9WwcT9EhEJnU4c
[EventListener] Polled 20 events from contract TQiG3UXV9uSLyW5Ax7Pa9WwcT9EhEJnU4c
[LiquidityService] Synced pool state: reserveTRX=3931235025, reserveCHIP=1445582152
[EventListener] Polled 20 events from contract TQiG3UXV9uSLyW5Ax7Pa9WwcT9EhEJnU4c
[EventListener] Polled 20 events from contract TQiG3UXV9uSLyW5Ax7Pa9WwcT9EhEJnU4c
[LiquidityService] Created new price history at 12:05:00 AM
[LiquidityService] Synced pool state: reserveTRX=3931235025, reserveCHIP=1445582152
[EventListener] Polled 20 events from contract TQiG3UXV9uSLyW5Ax7Pa9WwcT9EhEJnU4c
[LiquidityService] Synced pool state: reserveTRX=3931235025, reserveCHIP=1445582152
[EventListener] Polled 20 events from contract TQiG3UXV9uSLyW5Ax7Pa9WwcT9EhEJnU4c
[EventListener] Polled 20 events from contract TQiG3UXV9uSLyW5Ax7Pa9WwcT9EhEJnU4c
[LiquidityService] Created new price history at 12:06:00 AM
[LiquidityService] Synced pool state: reserveTRX=3931235025, reserveCHIP=1445582152
[EventListener] Polled 20 events from contract TQiG3UXV9uSLyW5Ax7Pa9WwcT9EhEJnU4c
[EventListener] Polled 20 events from contract TQiG3UXV9uSLyW5Ax7Pa9WwcT9EhEJnU4c
[LiquidityService] Synced pool state: reserveTRX=3931235025, reserveCHIP=1445582152
[EventListener] Polled 20 events from contract TQiG3UXV9uSLyW5Ax7Pa9WwcT9EhEJnU4c
[EventListener] Polled 20 events from contract TQiG3UXV9uSLyW5Ax7Pa9WwcT9EhEJnU4c
[LiquidityService] Created new price history at 12:07:00 AM
[LiquidityService] Synced pool state: reserveTRX=3931235025, reserveCHIP=1445582152
[EventListener] Polled 20 events from contract TQiG3UXV9uSLyW5Ax7Pa9WwcT9EhEJnU4c
[EventListener] Polled 20 events from contract TQiG3UXV9uSLyW5Ax7Pa9WwcT9EhEJnU4c
[LiquidityService] Synced pool state: reserveTRX=3931235025, reserveCHIP=1445582152
[EventListener] Polled 20 events from contract TQiG3UXV9uSLyW5Ax7Pa9WwcT9EhEJnU4c
[EventListener] Polled 20 events from contract TQiG3UXV9uSLyW5Ax7Pa9WwcT9EhEJnU4c
[LiquidityService] Created new price history at 12:08:00 AM
[LiquidityService] Synced pool state: reserveTRX=3931235025, reserveCHIP=1445582152
[EventListener] Polled 20 events from contract TQiG3UXV9uSLyW5Ax7Pa9WwcT9EhEJnU4c
[EventListener] Polled 20 events from contract TQiG3UXV9uSLyW5Ax7Pa9WwcT9EhEJnU4c
[LiquidityService] Synced pool state: reserveTRX=3931235025, reserveCHIP=1445582152
[EventListener] Polled 20 events from contract TQiG3UXV9uSLyW5Ax7Pa9WwcT9EhEJnU4c
[LiquidityService] Created new price history at 12:09:00 AM
[LiquidityService] Synced pool state: reserveTRX=3931235025, reserveCHIP=1445582152
[EventListener] Polled 20 events from contract TQiG3UXV9uSLyW5Ax7Pa9WwcT9EhEJnU4c
[EventListener] Polled 20 events from contract TQiG3UXV9uSLyW5Ax7Pa9WwcT9EhEJnU4c
[LiquidityService] Synced pool state: reserveTRX=3931235025, reserveCHIP=1445582152
[EventListener] Polled 20 events from contract TQiG3UXV9uSLyW5Ax7Pa9WwcT9EhEJnU4c
[EventListener] Polled 20 events from contract TQiG3UXV9uSLyW5Ax7Pa9WwcT9EhEJnU4c
[LiquidityService] Created new price history at 12:10:00 AM
[LiquidityService] Synced pool state: reserveTRX=3931235025, reserveCHIP=1445582152
[EventListener] Polled 20 events from contract TQiG3UXV9uSLyW5Ax7Pa9WwcT9EhEJnU4c
[EventListener] Polled 20 events from contract TQiG3UXV9uSLyW5Ax7Pa9WwcT9EhEJnU4c
[LiquidityService] Synced pool state: reserveTRX=3931235025, reserveCHIP=1445582152
[EventListener] Polled 20 events from contract TQiG3UXV9uSLyW5Ax7Pa9WwcT9EhEJnU4c
[EventListener] Polled 20 events from contract TQiG3UXV9uSLyW5Ax7Pa9WwcT9EhEJnU4c
[LiquidityService] Created new price history at 12:11:00 AM
[LiquidityService] Synced pool state: reserveTRX=3931235025, reserveCHIP=1445582152
[EventListener] Polled 20 events from contract TQiG3UXV9uSLyW5Ax7Pa9WwcT9EhEJnU4c
[EventListener] Polled 20 events from contract TQiG3UXV9uSLyW5Ax7Pa9WwcT9EhEJnU4c
[LiquidityService] Synced pool state: reserveTRX=3931235025, reserveCHIP=1445582152
[EventListener] Polled 20 events from contract TQiG3UXV9uSLyW5Ax7Pa9WwcT9EhEJnU4c
[LiquidityService] Created new price history at 12:12:00 AM
[LiquidityService] Synced pool state: reserveTRX=3931235025, reserveCHIP=1445582152
[EventListener] Polled 20 events from contract TQiG3UXV9uSLyW5Ax7Pa9WwcT9EhEJnU4c
[EventListener] Polled 20 events from contract TQiG3UXV9uSLyW5Ax7Pa9WwcT9EhEJnU4c
[LiquidityService] Synced pool state: reserveTRX=3931235025, reserveCHIP=1445582152
[EventListener] Polled 20 events from contract TQiG3UXV9uSLyW5Ax7Pa9WwcT9EhEJnU4c
[EventListener] Polled 20 events from contract TQiG3UXV9uSLyW5Ax7Pa9WwcT9EhEJnU4c
[LiquidityService] Created new price history at 12:13:00 AM
[LiquidityService] Synced pool state: reserveTRX=3931235025, reserveCHIP=1445582152
[EventListener] Polled 20 events from contract TQiG3UXV9uSLyW5Ax7Pa9WwcT9EhEJnU4c
[EventListener] Polled 20 events from contract TQiG3UXV9uSLyW5Ax7Pa9WwcT9EhEJnU4c
[LiquidityService] Synced pool state: reserveTRX=3931235025, reserveCHIP=1445582152
[EventListener] Polled 20 events from contract TQiG3UXV9uSLyW5Ax7Pa9WwcT9EhEJnU4c
[EventListener] Polled 20 events from contract TQiG3UXV9uSLyW5Ax7Pa9WwcT9EhEJnU4c
[LiquidityService] Created new price history at 12:14:00 AM
[LiquidityService] Synced pool state: reserveTRX=3931235025, reserveCHIP=1445582152
[EventListener] Polled 20 events from contract TQiG3UXV9uSLyW5Ax7Pa9WwcT9EhEJnU4c
[LiquidityService] Synced pool state: reserveTRX=3931235025, reserveCHIP=1445582152
[EventListener] Polled 20 events from contract TQiG3UXV9uSLyW5Ax7Pa9WwcT9EhEJnU4c
[EventListener] Polled 20 events from contract TQiG3UXV9uSLyW5Ax7Pa9WwcT9EhEJnU4c
[LiquidityService] Created new price history at 12:15:00 AM
[LiquidityService] Synced pool state: reserveTRX=3931235025, reserveCHIP=1445582152
[EventListener] Polled 20 events from contract TQiG3UXV9uSLyW5Ax7Pa9WwcT9EhEJnU4c
[EventListener] Polled 20 events from contract TQiG3UXV9uSLyW5Ax7Pa9WwcT9EhEJnU4c
[LiquidityService] Synced pool state: reserveTRX=3931235025, reserveCHIP=1445582152
[EventListener] Polled 20 events from contract TQiG3UXV9uSLyW5Ax7Pa9WwcT9EhEJnU4c
[EventListener] Polled 20 events from contract TQiG3UXV9uSLyW5Ax7Pa9WwcT9EhEJnU4c
[LiquidityService] Created new price history at 12:16:00 AM
[LiquidityService] Synced pool state: reserveTRX=3931235025, reserveCHIP=1445582152
[EventListener] Polled 20 events from contract TQiG3UXV9uSLyW5Ax7Pa9WwcT9EhEJnU4c
[EventListener] Polled 20 events from contract TQiG3UXV9uSLyW5Ax7Pa9WwcT9EhEJnU4c
[LiquidityService] Synced pool state: reserveTRX=3931235025, reserveCHIP=1445582152
[EventListener] Polled 20 events from contract TQiG3UXV9uSLyW5Ax7Pa9WwcT9EhEJnU4c
[LiquidityService] Created new price history at 12:17:00 AM
[LiquidityService] Synced pool state: reserveTRX=3931235025, reserveCHIP=1445582152
[EventListener] Polled 20 events from contract TQiG3UXV9uSLyW5Ax7Pa9WwcT9EhEJnU4c
[EventListener] Polled 20 events from contract TQiG3UXV9uSLyW5Ax7Pa9WwcT9EhEJnU4c
[LiquidityService] Synced pool state: reserveTRX=3931235025, reserveCHIP=1445582152
[EventListener] Polled 20 events from contract TQiG3UXV9uSLyW5Ax7Pa9WwcT9EhEJnU4c
[EventListener] Polled 20 events from contract TQiG3UXV9uSLyW5Ax7Pa9WwcT9EhEJnU4c
[LiquidityService] Created new price history at 12:18:00 AM
[LiquidityService] Synced pool state: reserveTRX=3931235025, reserveCHIP=1445582152
[EventListener] Polled 20 events from contract TQiG3UXV9uSLyW5Ax7Pa9WwcT9EhEJnU4c
[EventListener] Polled 20 events from contract TQiG3UXV9uSLyW5Ax7Pa9WwcT9EhEJnU4c
[LiquidityService] Synced pool state: reserveTRX=3931235025, reserveCHIP=1445582152
[EventListener] Polled 20 events from contract TQiG3UXV9uSLyW5Ax7Pa9WwcT9EhEJnU4c
[EventListener] Polled 20 events from contract TQiG3UXV9uSLyW5Ax7Pa9WwcT9EhEJnU4c
[LiquidityService] Created new price history at 12:19:00 AM
[LiquidityService] Synced pool state: reserveTRX=3931235025, reserveCHIP=1445582152
[EventListener] Polled 20 events from contract TQiG3UXV9uSLyW5Ax7Pa9WwcT9EhEJnU4c
[LiquidityService] Synced pool state: reserveTRX=3931235025, reserveCHIP=1445582152
[EventListener] Polled 20 events from contract TQiG3UXV9uSLyW5Ax7Pa9WwcT9EhEJnU4c
[EventListener] Polled 20 events from contract TQiG3UXV9uSLyW5Ax7Pa9WwcT9EhEJnU4c
[LiquidityService] Created new price history at 12:20:00 AM
[LiquidityService] Synced pool state: reserveTRX=3931235025, reserveCHIP=1445582152
[EventListener] Polled 20 events from contract TQiG3UXV9uSLyW5Ax7Pa9WwcT9EhEJnU4c
[EventListener] Polled 20 events from contract TQiG3UXV9uSLyW5Ax7Pa9WwcT9EhEJnU4c
[LiquidityService] Synced pool state: reserveTRX=3931235025, reserveCHIP=1445582152
[EventListener] Poll error: Request failed with status code 502
[EventListener] Polled 20 events from contract TQiG3UXV9uSLyW5Ax7Pa9WwcT9EhEJnU4c
[LiquidityService] Created new price history at 12:21:00 AM
[LiquidityService] Synced pool state: reserveTRX=3931235025, reserveCHIP=1445582152
[EventListener] Polled 20 events from contract TQiG3UXV9uSLyW5Ax7Pa9WwcT9EhEJnU4c
[LiquidityService] Synced pool state: reserveTRX=3931235025, reserveCHIP=1445582152
[EventListener] Polled 20 events from contract TQiG3UXV9uSLyW5Ax7Pa9WwcT9EhEJnU4c
[EventListener] Polled 20 events from contract TQiG3UXV9uSLyW5Ax7Pa9WwcT9EhEJnU4c
[LiquidityService] Created new price history at 12:22:00 AM
[LiquidityService] Synced pool state: reserveTRX=3931235025, reserveCHIP=1445582152
[EventListener] Polled 20 events from contract TQiG3UXV9uSLyW5Ax7Pa9WwcT9EhEJnU4c
[EventListener] Polled 20 events from contract TQiG3UXV9uSLyW5Ax7Pa9WwcT9EhEJnU4c
[LiquidityService] Synced pool state: reserveTRX=3931235025, reserveCHIP=1445582152
[EventListener] Polled 20 events from contract TQiG3UXV9uSLyW5Ax7Pa9WwcT9EhEJnU4c
[EventListener] Polled 20 events from contract TQiG3UXV9uSLyW5Ax7Pa9WwcT9EhEJnU4c
[LiquidityService] Created new price history at 12:23:00 AM
[LiquidityService] Synced pool state: reserveTRX=3931235025, reserveCHIP=1445582152
[EventListener] Polled 20 events from contract TQiG3UXV9uSLyW5Ax7Pa9WwcT9EhEJnU4c
[EventListener] Polled 20 events from contract TQiG3UXV9uSLyW5Ax7Pa9WwcT9EhEJnU4c
[LiquidityService] Synced pool state: reserveTRX=3931235025, reserveCHIP=1445582152
[EventListener] Polled 20 events from contract TQiG3UXV9uSLyW5Ax7Pa9WwcT9EhEJnU4c
[EventListener] Polled 20 events from contract TQiG3UXV9uSLyW5Ax7Pa9WwcT9EhEJnU4c
[LiquidityService] Created new price history at 12:24:00 AM
[LiquidityService] Synced pool state: reserveTRX=3931235025, reserveCHIP=1445582152
[EventListener] Polled 20 events from contract TQiG3UXV9uSLyW5Ax7Pa9WwcT9EhEJnU4c
[LiquidityService] Synced pool state: reserveTRX=3931235025, reserveCHIP=1445582152
[EventListener] Polled 20 events from contract TQiG3UXV9uSLyW5Ax7Pa9WwcT9EhEJnU4c
[EventListener] Polled 20 events from contract TQiG3UXV9uSLyW5Ax7Pa9WwcT9EhEJnU4c
[LiquidityService] Created new price history at 12:25:00 AM
[LiquidityService] Synced pool state: reserveTRX=3931235025, reserveCHIP=1445582152
[EventListener] Polled 20 events from contract TQiG3UXV9uSLyW5Ax7Pa9WwcT9EhEJnU4c
[EventListener] Polled 20 events from contract TQiG3UXV9uSLyW5Ax7Pa9WwcT9EhEJnU4c
[LiquidityService] Synced pool state: reserveTRX=3931235025, reserveCHIP=1445582152
[EventListener] Polled 20 events from contract TQiG3UXV9uSLyW5Ax7Pa9WwcT9EhEJnU4c
[EventListener] Polled 20 events from contract TQiG3UXV9uSLyW5Ax7Pa9WwcT9EhEJnU4c
[LiquidityService] Created new price history at 12:26:00 AM
[LiquidityService] Synced pool state: reserveTRX=3931235025, reserveCHIP=1445582152
[EventListener] Polled 20 events from contract TQiG3UXV9uSLyW5Ax7Pa9WwcT9EhEJnU4c
[LiquidityService] Synced pool state: reserveTRX=3931235025, reserveCHIP=1445582152
[EventListener] Polled 20 events from contract TQiG3UXV9uSLyW5Ax7Pa9WwcT9EhEJnU4c
[EventListener] Polled 20 events from contract TQiG3UXV9uSLyW5Ax7Pa9WwcT9EhEJnU4c
[LiquidityService] Created new price history at 12:27:00 AM
[LiquidityService] Synced pool state: reserveTRX=3931235025, reserveCHIP=1445582152
[EventListener] Polled 20 events from contract TQiG3UXV9uSLyW5Ax7Pa9WwcT9EhEJnU4c
[EventListener] Polled 20 events from contract TQiG3UXV9uSLyW5Ax7Pa9WwcT9EhEJnU4c
[LiquidityService] Synced pool state: reserveTRX=3931235025, reserveCHIP=1445582152
[EventListener] Polled 20 events from contract TQiG3UXV9uSLyW5Ax7Pa9WwcT9EhEJnU4c
[EventListener] Polled 20 events from contract TQiG3UXV9uSLyW5Ax7Pa9WwcT9EhEJnU4c
[LiquidityService] Created new price history at 12:28:00 AM
[LiquidityService] Synced pool state: reserveTRX=3931235025, reserveCHIP=1445582152
[EventListener] Polled 20 events from contract TQiG3UXV9uSLyW5Ax7Pa9WwcT9EhEJnU4c
[EventListener] Polled 20 events from contract TQiG3UXV9uSLyW5Ax7Pa9WwcT9EhEJnU4c
[LiquidityService] Synced pool state: reserveTRX=3931235025, reserveCHIP=1445582152
[EventListener] Polled 20 events from contract TQiG3UXV9uSLyW5Ax7Pa9WwcT9EhEJnU4c
[EventListener] Polled 20 events from contract TQiG3UXV9uSLyW5Ax7Pa9WwcT9EhEJnU4c
[LiquidityService] Created new price history at 12:29:00 AM
[LiquidityService] Synced pool state: reserveTRX=3931235025, reserveCHIP=1445582152
[EventListener] Polled 20 events from contract TQiG3UXV9uSLyW5Ax7Pa9WwcT9EhEJnU4c
[EventListener] Polled 20 events from contract TQiG3UXV9uSLyW5Ax7Pa9WwcT9EhEJnU4c
[LiquidityService] Synced pool state: reserveTRX=3931235025, reserveCHIP=1445582152
[EventListener] Polled 20 events from contract TQiG3UXV9uSLyW5Ax7Pa9WwcT9EhEJnU4c
[LiquidityService] Created new price history at 12:30:00 AM
[LiquidityService] Synced pool state: reserveTRX=3931235025, reserveCHIP=1445582152
[EventListener] Polled 20 events from contract TQiG3UXV9uSLyW5Ax7Pa9WwcT9EhEJnU4c
[EventListener] Polled 20 events from contract TQiG3UXV9uSLyW5Ax7Pa9WwcT9EhEJnU4c
[LiquidityService] Synced pool state: reserveTRX=3931235025, reserveCHIP=1445582152
[EventListener] Polled 20 events from contract TQiG3UXV9uSLyW5Ax7Pa9WwcT9EhEJnU4c
[EventListener] Polled 20 events from contract TQiG3UXV9uSLyW5Ax7Pa9WwcT9EhEJnU4c
[LiquidityService] Created new price history at 12:31:00 AM
[LiquidityService] Synced pool state: reserveTRX=3931235025, reserveCHIP=1445582152
[EventListener] Polled 20 events from contract TQiG3UXV9uSLyW5Ax7Pa9WwcT9EhEJnU4c
[EventListener] Polled 20 events from contract TQiG3UXV9uSLyW5Ax7Pa9WwcT9EhEJnU4c
[LiquidityService] Synced pool state: reserveTRX=3931235025, reserveCHIP=1445582152
[EventListener] Polled 20 events from contract TQiG3UXV9uSLyW5Ax7Pa9WwcT9EhEJnU4c
[EventListener] Polled 20 events from contract TQiG3UXV9uSLyW5Ax7Pa9WwcT9EhEJnU4c
[LiquidityService] Created new price history at 12:32:00 AM
[LiquidityService] Synced pool state: reserveTRX=3931235025, reserveCHIP=1445582152
[EventListener] Polled 20 events from contract TQiG3UXV9uSLyW5Ax7Pa9WwcT9EhEJnU4c
[EventListener] Polled 20 events from contract TQiG3UXV9uSLyW5Ax7Pa9WwcT9EhEJnU4c
[LiquidityService] Synced pool state: reserveTRX=3931235025, reserveCHIP=1445582152
[EventListener] Polled 20 events from contract TQiG3UXV9uSLyW5Ax7Pa9WwcT9EhEJnU4c
[LiquidityService] Created new price history at 12:33:00 AM
[LiquidityService] Synced pool state: reserveTRX=3931235025, reserveCHIP=1445582152
[EventListener] Polled 20 events from contract TQiG3UXV9uSLyW5Ax7Pa9WwcT9EhEJnU4c
[EventListener] Polled 20 events from contract TQiG3UXV9uSLyW5Ax7Pa9WwcT9EhEJnU4c
[LiquidityService] Synced pool state: reserveTRX=3931235025, reserveCHIP=1445582152
[EventListener] Polled 20 events from contract TQiG3UXV9uSLyW5Ax7Pa9WwcT9EhEJnU4c
[EventListener] Polled 20 events from contract TQiG3UXV9uSLyW5Ax7Pa9WwcT9EhEJnU4c
[LiquidityService] Created new price history at 12:34:00 AM
[LiquidityService] Synced pool state: reserveTRX=3931235025, reserveCHIP=1445582152
[EventListener] Polled 20 events from contract TQiG3UXV9uSLyW5Ax7Pa9WwcT9EhEJnU4c
[EventListener] Polled 20 events from contract TQiG3UXV9uSLyW5Ax7Pa9WwcT9EhEJnU4c
[LiquidityService] Synced pool state: reserveTRX=3931235025, reserveCHIP=1445582152
[EventListener] Polled 20 events from contract TQiG3UXV9uSLyW5Ax7Pa9WwcT9EhEJnU4c
[EventListener] Polled 20 events from contract TQiG3UXV9uSLyW5Ax7Pa9WwcT9EhEJnU4c
[LiquidityService] Created new price history at 12:35:00 AM
[LiquidityService] Synced pool state: reserveTRX=3931235025, reserveCHIP=1445582152
[EventListener] Polled 20 events from contract TQiG3UXV9uSLyW5Ax7Pa9WwcT9EhEJnU4c
[LiquidityService] Synced pool state: reserveTRX=3931235025, reserveCHIP=1445582152
[EventListener] Polled 20 events from contract TQiG3UXV9uSLyW5Ax7Pa9WwcT9EhEJnU4c
[EventListener] Polled 20 events from contract TQiG3UXV9uSLyW5Ax7Pa9WwcT9EhEJnU4c
[LiquidityService] Created new price history at 12:36:00 AM
[LiquidityService] Synced pool state: reserveTRX=3931235025, reserveCHIP=1445582152
[EventListener] Polled 20 events from contract TQiG3UXV9uSLyW5Ax7Pa9WwcT9EhEJnU4c
[EventListener] Polled 20 events from contract TQiG3UXV9uSLyW5Ax7Pa9WwcT9EhEJnU4c
[LiquidityService] Synced pool state: reserveTRX=3931235025, reserveCHIP=1445582152
[EventListener] Polled 20 events from contract TQiG3UXV9uSLyW5Ax7Pa9WwcT9EhEJnU4c
[EventListener] Polled 20 events from contract TQiG3UXV9uSLyW5Ax7Pa9WwcT9EhEJnU4c
[LiquidityService] Created new price history at 12:37:00 AM
[LiquidityService] Synced pool state: reserveTRX=3931235025, reserveCHIP=1445582152
[EventListener] Polled 20 events from contract TQiG3UXV9uSLyW5Ax7Pa9WwcT9EhEJnU4c
[EventListener] Polled 20 events from contract TQiG3UXV9uSLyW5Ax7Pa9WwcT9EhEJnU4c
[LiquidityService] Synced pool state: reserveTRX=3931235025, reserveCHIP=1445582152
[EventListener] Polled 20 events from contract TQiG3UXV9uSLyW5Ax7Pa9WwcT9EhEJnU4c
[LiquidityService] Created new price history at 12:38:00 AM
[LiquidityService] Synced pool state: reserveTRX=3931235025, reserveCHIP=1445582152
[EventListener] Polled 20 events from contract TQiG3UXV9uSLyW5Ax7Pa9WwcT9EhEJnU4c
[EventListener] Polled 20 events from contract TQiG3UXV9uSLyW5Ax7Pa9WwcT9EhEJnU4c
[LiquidityService] Synced pool state: reserveTRX=3931235025, reserveCHIP=1445582152
[EventListener] Polled 20 events from contract TQiG3UXV9uSLyW5Ax7Pa9WwcT9EhEJnU4c
[EventListener] Polled 20 events from contract TQiG3UXV9uSLyW5Ax7Pa9WwcT9EhEJnU4c
[LiquidityService] Created new price history at 12:39:00 AM
[LiquidityService] Synced pool state: reserveTRX=3931235025, reserveCHIP=1445582152
[EventListener] Polled 20 events from contract TQiG3UXV9uSLyW5Ax7Pa9WwcT9EhEJnU4c
[EventListener] Polled 20 events from contract TQiG3UXV9uSLyW5Ax7Pa9WwcT9EhEJnU4c
[LiquidityService] Synced pool state: reserveTRX=3931235025, reserveCHIP=1445582152
[EventListener] Polled 20 events from contract TQiG3UXV9uSLyW5Ax7Pa9WwcT9EhEJnU4c
[EventListener] Polled 20 events from contract TQiG3UXV9uSLyW5Ax7Pa9WwcT9EhEJnU4c
[LiquidityService] Created new price history at 12:40:00 AM
[LiquidityService] Synced pool state: reserveTRX=3931235025, reserveCHIP=1445582152
[EventListener] Polled 20 events from contract TQiG3UXV9uSLyW5Ax7Pa9WwcT9EhEJnU4c
[EventListener] Polled 20 events from contract TQiG3UXV9uSLyW5Ax7Pa9WwcT9EhEJnU4c
[LiquidityService] Synced pool state: reserveTRX=3931235025, reserveCHIP=1445582152
[EventListener] Polled 20 events from contract TQiG3UXV9uSLyW5Ax7Pa9WwcT9EhEJnU4c
[EventListener] Polled 20 events from contract TQiG3UXV9uSLyW5Ax7Pa9WwcT9EhEJnU4c
[LiquidityService] Created new price history at 12:41:00 AM
[LiquidityService] Synced pool state: reserveTRX=3931235025, reserveCHIP=1445582152
[EventListener] Polled 20 events from contract TQiG3UXV9uSLyW5Ax7Pa9WwcT9EhEJnU4c
[EventListener] Polled 20 events from contract TQiG3UXV9uSLyW5Ax7Pa9WwcT9EhEJnU4c
[LiquidityService] Synced pool state: reserveTRX=3931235025, reserveCHIP=1445582152
[EventListener] Polled 20 events from contract TQiG3UXV9uSLyW5Ax7Pa9WwcT9EhEJnU4c
[LiquidityService] Created new price history at 12:42:00 AM
[LiquidityService] Synced pool state: reserveTRX=3931235025, reserveCHIP=1445582152
[EventListener] Polled 20 events from contract TQiG3UXV9uSLyW5Ax7Pa9WwcT9EhEJnU4c
[EventListener] Polled 20 events from contract TQiG3UXV9uSLyW5Ax7Pa9WwcT9EhEJnU4c
[LiquidityService] Synced pool state: reserveTRX=3931235025, reserveCHIP=1445582152
[EventListener] Polled 20 events from contract TQiG3UXV9uSLyW5Ax7Pa9WwcT9EhEJnU4c
[EventListener] Polled 20 events from contract TQiG3UXV9uSLyW5Ax7Pa9WwcT9EhEJnU4c
[LiquidityService] Created new price history at 12:43:00 AM
[LiquidityService] Synced pool state: reserveTRX=3931235025, reserveCHIP=1445582152
[EventListener] Polled 20 events from contract TQiG3UXV9uSLyW5Ax7Pa9WwcT9EhEJnU4c
[EventListener] Polled 20 events from contract TQiG3UXV9uSLyW5Ax7Pa9WwcT9EhEJnU4c
[LiquidityService] Synced pool state: reserveTRX=3931235025, reserveCHIP=1445582152
[EventListener] Polled 20 events from contract TQiG3UXV9uSLyW5Ax7Pa9WwcT9EhEJnU4c
[EventListener] Polled 20 events from contract TQiG3UXV9uSLyW5Ax7Pa9WwcT9EhEJnU4c
[LiquidityService] Created new price history at 12:44:00 AM
[LiquidityService] Synced pool state: reserveTRX=3931235025, reserveCHIP=1445582152
[EventListener] Polled 20 events from contract TQiG3UXV9uSLyW5Ax7Pa9WwcT9EhEJnU4c
[LiquidityService] Synced pool state: reserveTRX=3931235025, reserveCHIP=1445582152
[EventListener] Polled 20 events from contract TQiG3UXV9uSLyW5Ax7Pa9WwcT9EhEJnU4c
[EventListener] Polled 20 events from contract TQiG3UXV9uSLyW5Ax7Pa9WwcT9EhEJnU4c
[LiquidityService] Created new price history at 12:45:00 AM
[LiquidityService] Synced pool state: reserveTRX=3931235025, reserveCHIP=1445582152
[EventListener] Polled 20 events from contract TQiG3UXV9uSLyW5Ax7Pa9WwcT9EhEJnU4c
[EventListener] Polled 20 events from contract TQiG3UXV9uSLyW5Ax7Pa9WwcT9EhEJnU4c
[LiquidityService] Synced pool state: reserveTRX=3931235025, reserveCHIP=1445582152
[EventListener] Polled 20 events from contract TQiG3UXV9uSLyW5Ax7Pa9WwcT9EhEJnU4c
[EventListener] Polled 20 events from contract TQiG3UXV9uSLyW5Ax7Pa9WwcT9EhEJnU4c
[LiquidityService] Created new price history at 12:46:00 AM
[LiquidityService] Synced pool state: reserveTRX=3931235025, reserveCHIP=1445582152
[EventListener] Polled 20 events from contract TQiG3UXV9uSLyW5Ax7Pa9WwcT9EhEJnU4c
[LiquidityService] Synced pool state: reserveTRX=3931235025, reserveCHIP=1445582152
[EventListener] Polled 20 events from contract TQiG3UXV9uSLyW5Ax7Pa9WwcT9EhEJnU4c
[EventListener] Polled 20 events from contract TQiG3UXV9uSLyW5Ax7Pa9WwcT9EhEJnU4c
[LiquidityService] Created new price history at 12:47:00 AM
[LiquidityService] Synced pool state: reserveTRX=3931235025, reserveCHIP=1445582152
[EventListener] Polled 20 events from contract TQiG3UXV9uSLyW5Ax7Pa9WwcT9EhEJnU4c
[EventListener] Polled 20 events from contract TQiG3UXV9uSLyW5Ax7Pa9WwcT9EhEJnU4c
[LiquidityService] Synced pool state: reserveTRX=3931235025, reserveCHIP=1445582152
[EventListener] Polled 20 events from contract TQiG3UXV9uSLyW5Ax7Pa9WwcT9EhEJnU4c
[EventListener] Polled 20 events from contract TQiG3UXV9uSLyW5Ax7Pa9WwcT9EhEJnU4c
[EventListener] Event: JoinedTableFor {
  block_number: 66597717,
  block_timestamp: 1776271665000,
  caller_contract_address: 'TQiG3UXV9uSLyW5Ax7Pa9WwcT9EhEJnU4c',
  contract_address: 'TQiG3UXV9uSLyW5Ax7Pa9WwcT9EhEJnU4c',
  event_index: 0,
  event_name: 'JoinedTableFor',
  result: {
    '0': '0xc7457b452780a641ff4c5c922034accd6e6b9b79',
    '1': '1776271659',
    '2': '100000000',
    '3': '0xdbf2e4b885e6de39190e15723abcfaa1d91b93b3',
    buyIn: '100000000',
    delegate: '0xdbf2e4b885e6de39190e15723abcfaa1d91b93b3',
    tableId: '1776271659',
    player: '0xc7457b452780a641ff4c5c922034accd6e6b9b79'
  },
  result_type: {
    buyIn: 'uint256',
    delegate: 'address',
    tableId: 'uint256',
    player: 'address'
  },
  event: 'JoinedTableFor(address indexed player, uint256 indexed tableId, uint256 buyIn, address indexed delegate)',
  transaction_id: '0c4e768c6c3ddc8140ee1269620d0f93a1b9caca5dca122dcbf43347fa0981ce',
  _unconfirmed: true
}
[EventListener] JoinedTableFor: 0xc7457b452780a641ff4c5c922034accd6e6b9b79 joined table 1776271659
[GameFlowIntegration] Syncing balance for TU8rhtpFQUsgpbe9sXQAfG8bdxF52GgSMv
[EventListener] Balance synced after JoinedTableFor: locked=100 TRX
[LiquidityService] Created new price history at 12:48:00 AM
[LiquidityService] Synced pool state: reserveTRX=3931235025, reserveCHIP=1445582152
[EventListener] Polled 20 events from contract TQiG3UXV9uSLyW5Ax7Pa9WwcT9EhEJnU4c
[EventListener] Polled 20 events from contract TQiG3UXV9uSLyW5Ax7Pa9WwcT9EhEJnU4c
[LiquidityService] Synced pool state: reserveTRX=3931235025, reserveCHIP=1445582152
[EventListener] Polled 20 events from contract TQiG3UXV9uSLyW5Ax7Pa9WwcT9EhEJnU4c
[EventListener] Polled 20 events from contract TQiG3UXV9uSLyW5Ax7Pa9WwcT9EhEJnU4c
[LiquidityService] Created new price history at 12:49:00 AM
[LiquidityService] Synced pool state: reserveTRX=3931235025, reserveCHIP=1445582152
[EventListener] Polled 20 events from contract TQiG3UXV9uSLyW5Ax7Pa9WwcT9EhEJnU4c
[LiquidityService] Synced pool state: reserveTRX=3931235025, reserveCHIP=1445582152
[EventListener] Polled 20 events from contract TQiG3UXV9uSLyW5Ax7Pa9WwcT9EhEJnU4c
[EventListener] Polled 20 events from contract TQiG3UXV9uSLyW5Ax7Pa9WwcT9EhEJnU4c
[LiquidityService] Created new price history at 12:50:00 AM
[LiquidityService] Synced pool state: reserveTRX=3931235025, reserveCHIP=1445582152
[EventListener] Polled 20 events from contract TQiG3UXV9uSLyW5Ax7Pa9WwcT9EhEJnU4c
[EventListener] Event: LeftTable {
  block_number: 66597761,
  block_timestamp: 1776271797000,
  caller_contract_address: 'TQiG3UXV9uSLyW5Ax7Pa9WwcT9EhEJnU4c',
  contract_address: 'TQiG3UXV9uSLyW5Ax7Pa9WwcT9EhEJnU4c',
  event_index: 1,
  event_name: 'LeftTable',
  result: {
    '0': '0xc7457b452780a641ff4c5c922034accd6e6b9b79',
    '1': '1776271659',
    '2': '0',
    amount: '0',
    tableId: '1776271659',
    player: '0xc7457b452780a641ff4c5c922034accd6e6b9b79'
  },
  result_type: { amount: 'uint256', tableId: 'uint256', player: 'address' },
  event: 'LeftTable(address indexed player, uint256 indexed tableId, uint256 amount)',
  transaction_id: '5685aff69d2980ab4ce654f93a0a5b1e38842f94254d996d358e74542906ac29',
  _unconfirmed: true
}
[EventListener] 0xc7457b452780a641ff4c5c922034accd6e6b9b79 left table 1776271659, refunded 0 SUN
[EventListener] Polled 20 events from contract TQiG3UXV9uSLyW5Ax7Pa9WwcT9EhEJnU4c
[EventListener] Event: Deposited {
  block_number: 66597769,
  block_timestamp: 1776271821000,
  caller_contract_address: 'TQiG3UXV9uSLyW5Ax7Pa9WwcT9EhEJnU4c',
  contract_address: 'TQiG3UXV9uSLyW5Ax7Pa9WwcT9EhEJnU4c',
  event_index: 0,
  event_name: 'Deposited',
  result: {
    '0': '0xc7457b452780a641ff4c5c922034accd6e6b9b79',
    '1': '100000000',
    amount: '100000000',
    player: '0xc7457b452780a641ff4c5c922034accd6e6b9b79'
  },
  result_type: { amount: 'uint256', player: 'address' },
  event: 'Deposited(address indexed player, uint256 amount)',
  transaction_id: '0393e19c315290b78c2ad85cfc43963764a635d834737fe2b5314f7a09bf5682',
  _unconfirmed: true
}
[EventListener] ✅ DEPOSIT EVENT: 0xc7457b452780a641ff4c5c922034accd6e6b9b79 deposited 100000000 SUN (100 TRX)
[EventListener] Event details: {
  "0": "0xc7457b452780a641ff4c5c922034accd6e6b9b79",
  "1": "100000000",
  "amount": "100000000",
  "player": "0xc7457b452780a641ff4c5c922034accd6e6b9b79"
}
[LiquidityService] Synced pool state: reserveTRX=3931235025, reserveCHIP=1445582152
[EventListener] Polled 20 events from contract TQiG3UXV9uSLyW5Ax7Pa9WwcT9EhEJnU4c
[EventListener] Polled 20 events from contract TQiG3UXV9uSLyW5Ax7Pa9WwcT9EhEJnU4c
[LiquidityService] Created new price history at 12:51:00 AM
[LiquidityService] Synced pool state: reserveTRX=3931235025, reserveCHIP=1445582152
[EventListener] Polled 20 events from contract TQiG3UXV9uSLyW5Ax7Pa9WwcT9EhEJnU4c
[EventListener] Event: LeftTable {
  block_number: 66597786,
  block_timestamp: 1776271872000,
  caller_contract_address: 'TQiG3UXV9uSLyW5Ax7Pa9WwcT9EhEJnU4c',
  contract_address: 'TQiG3UXV9uSLyW5Ax7Pa9WwcT9EhEJnU4c',
  event_index: 0,
  event_name: 'LeftTable',
  result: {
    '0': '0xe6e729f4cf0dfb5f4b558a7c6f09e83863bcc527',
    '1': '1',
    '2': '100000000',
    amount: '100000000',
    tableId: '1',
    player: '0xe6e729f4cf0dfb5f4b558a7c6f09e83863bcc527'
  },
  result_type: { amount: 'uint256', tableId: 'uint256', player: 'address' },
  event: 'LeftTable(address indexed player, uint256 indexed tableId, uint256 amount)',
  transaction_id: '0c6140b0a1aca7f1625d20f26e00d29b4d9112d04de6774e5a4b49cf60f67ce7',
  _unconfirmed: true
}
[EventListener] 0xe6e729f4cf0dfb5f4b558a7c6f09e83863bcc527 left table 1, refunded 100000000 SUN
[EventListener] Event: Deposited {
  block_number: 66597784,
  block_timestamp: 1776271866000,
  caller_contract_address: 'TQiG3UXV9uSLyW5Ax7Pa9WwcT9EhEJnU4c',
  contract_address: 'TQiG3UXV9uSLyW5Ax7Pa9WwcT9EhEJnU4c',
  event_index: 0,
  event_name: 'Deposited',
  result: {
    '0': '0xe6e729f4cf0dfb5f4b558a7c6f09e83863bcc527',
    '1': '100000000',
    amount: '100000000',
    player: '0xe6e729f4cf0dfb5f4b558a7c6f09e83863bcc527'
  },
  result_type: { amount: 'uint256', player: 'address' },
  event: 'Deposited(address indexed player, uint256 amount)',
  transaction_id: 'fbbf30512a4a182f9526ab38f7230c9a39b3fa0d38c6364f16f2216b330deef7',
  _unconfirmed: true
}
[EventListener] ✅ DEPOSIT EVENT: 0xe6e729f4cf0dfb5f4b558a7c6f09e83863bcc527 deposited 100000000 SUN (100 TRX)
[EventListener] Event details: {
  "0": "0xe6e729f4cf0dfb5f4b558a7c6f09e83863bcc527",
  "1": "100000000",
  "amount": "100000000",
  "player": "0xe6e729f4cf0dfb5f4b558a7c6f09e83863bcc527"
}
[EventListener] Polled 20 events from contract TQiG3UXV9uSLyW5Ax7Pa9WwcT9EhEJnU4c
[EventListener] Event: JoinedTableFor {
  block_number: 66597790,
  block_timestamp: 1776271884000,
  caller_contract_address: 'TQiG3UXV9uSLyW5Ax7Pa9WwcT9EhEJnU4c',
  contract_address: 'TQiG3UXV9uSLyW5Ax7Pa9WwcT9EhEJnU4c',
  event_index: 0,
  event_name: 'JoinedTableFor',
  result: {
    '0': '0xe6e729f4cf0dfb5f4b558a7c6f09e83863bcc527',
    '1': '1',
    '2': '100000000',
    '3': '0xdbf2e4b885e6de39190e15723abcfaa1d91b93b3',
    buyIn: '100000000',
    delegate: '0xdbf2e4b885e6de39190e15723abcfaa1d91b93b3',
    tableId: '1',
    player: '0xe6e729f4cf0dfb5f4b558a7c6f09e83863bcc527'
  },
  result_type: {
    buyIn: 'uint256',
    delegate: 'address',
    tableId: 'uint256',
    player: 'address'
  },
  event: 'JoinedTableFor(address indexed player, uint256 indexed tableId, uint256 buyIn, address indexed delegate)',
  transaction_id: '34d256bda953fd73ca2e18cd04f728634bccbe35d240fe5cfcd4359a752f0833',
  _unconfirmed: true
}
[EventListener] JoinedTableFor: 0xe6e729f4cf0dfb5f4b558a7c6f09e83863bcc527 joined table 1
[GameFlowIntegration] Syncing balance for TX27LjDqk64d4NvBXKT1taAYX5Dpf4JpL4
[EventListener] Balance synced after JoinedTableFor: locked=100 TRX
[LiquidityService] Synced pool state: reserveTRX=3931235025, reserveCHIP=1445582152
[EventListener] Polled 20 events from contract TQiG3UXV9uSLyW5Ax7Pa9WwcT9EhEJnU4c
[EventListener] Event: JoinedTableFor {
  block_number: 66597793,
  block_timestamp: 1776271893000,
  caller_contract_address: 'TQiG3UXV9uSLyW5Ax7Pa9WwcT9EhEJnU4c',
  contract_address: 'TQiG3UXV9uSLyW5Ax7Pa9WwcT9EhEJnU4c',
  event_index: 0,
  event_name: 'JoinedTableFor',
  result: {
    '0': '0xc7457b452780a641ff4c5c922034accd6e6b9b79',
    '1': '1',
    '2': '100000000',
    '3': '0xdbf2e4b885e6de39190e15723abcfaa1d91b93b3',
    buyIn: '100000000',
    delegate: '0xdbf2e4b885e6de39190e15723abcfaa1d91b93b3',
    tableId: '1',
    player: '0xc7457b452780a641ff4c5c922034accd6e6b9b79'
  },
  result_type: {
    buyIn: 'uint256',
    delegate: 'address',
    tableId: 'uint256',
    player: 'address'
  },
  event: 'JoinedTableFor(address indexed player, uint256 indexed tableId, uint256 buyIn, address indexed delegate)',
  transaction_id: 'b9a8d334c5b346a01385f366adf8dea242e817b8590712611992c9626b9493f3',
  _unconfirmed: true
}
[EventListener] JoinedTableFor: 0xc7457b452780a641ff4c5c922034accd6e6b9b79 joined table 1
[GameFlowIntegration] Syncing balance for TU8rhtpFQUsgpbe9sXQAfG8bdxF52GgSMv
[EventListener] Balance synced after JoinedTableFor: locked=100 TRX
[EventListener] Polled 20 events from contract TQiG3UXV9uSLyW5Ax7Pa9WwcT9EhEJnU4c
[LiquidityService] Created new price history at 12:52:00 AM
[LiquidityService] Synced pool state: reserveTRX=3931235025, reserveCHIP=1445582152
[EventListener] Polled 20 events from contract TQiG3UXV9uSLyW5Ax7Pa9WwcT9EhEJnU4c
[LiquidityService] Synced pool state: reserveTRX=3931235025, reserveCHIP=1445582152
[EventListener] Polled 20 events from contract TQiG3UXV9uSLyW5Ax7Pa9WwcT9EhEJnU4c
[EventListener] Event: LeftTable {
  block_number: 66597812,
  block_timestamp: 1776271950000,
  caller_contract_address: 'TQiG3UXV9uSLyW5Ax7Pa9WwcT9EhEJnU4c',
  contract_address: 'TQiG3UXV9uSLyW5Ax7Pa9WwcT9EhEJnU4c',
  event_index: 2,
  event_name: 'LeftTable',
  result: {
    '0': '0xe6e729f4cf0dfb5f4b558a7c6f09e83863bcc527',
    '1': '1',
    '2': '26268400000',
    amount: '26268400000',
    tableId: '1',
    player: '0xe6e729f4cf0dfb5f4b558a7c6f09e83863bcc527'
  },
  result_type: { amount: 'uint256', tableId: 'uint256', player: 'address' },
  event: 'LeftTable(address indexed player, uint256 indexed tableId, uint256 amount)',
  transaction_id: '053bb817f2f5322ce797c0356d8a38ebfe946086e4bf9b42cf065d420977681e',
  _unconfirmed: true
}
[EventListener] 0xe6e729f4cf0dfb5f4b558a7c6f09e83863bcc527 left table 1, refunded 26268400000 SUN
[EventListener] Event: LeftTable {
  block_number: 66597809,
  block_timestamp: 1776271941000,
  caller_contract_address: 'TQiG3UXV9uSLyW5Ax7Pa9WwcT9EhEJnU4c',
  contract_address: 'TQiG3UXV9uSLyW5Ax7Pa9WwcT9EhEJnU4c',
  event_index: 1,
  event_name: 'LeftTable',
  result: {
    '0': '0xc7457b452780a641ff4c5c922034accd6e6b9b79',
    '1': '1',
    '2': '0',
    amount: '0',
    tableId: '1',
    player: '0xc7457b452780a641ff4c5c922034accd6e6b9b79'
  },
  result_type: { amount: 'uint256', tableId: 'uint256', player: 'address' },
  event: 'LeftTable(address indexed player, uint256 indexed tableId, uint256 amount)',
  transaction_id: '858a0bc8a7388132997bafcc57741f1682f08e30fd377805f869f559b12d8e28',
  _unconfirmed: true
}
[EventListener] 0xc7457b452780a641ff4c5c922034accd6e6b9b79 left table 1, refunded 0 SUN
[EventListener] Polled 20 events from contract TQiG3UXV9uSLyW5Ax7Pa9WwcT9EhEJnU4c
[LiquidityService] Created new price history at 12:53:00 AM
[LiquidityService] Synced pool state: reserveTRX=3931235025, reserveCHIP=1445582152
[EventListener] Polled 20 events from contract TQiG3UXV9uSLyW5Ax7Pa9WwcT9EhEJnU4c
[EventListener] Polled 20 events from contract TQiG3UXV9uSLyW5Ax7Pa9WwcT9EhEJnU4c
[LiquidityService] Synced pool state: reserveTRX=3931235025, reserveCHIP=1445582152
[EventListener] Polled 20 events from contract TQiG3UXV9uSLyW5Ax7Pa9WwcT9EhEJnU4c
[EventListener] Polled 20 events from contract TQiG3UXV9uSLyW5Ax7Pa9WwcT9EhEJnU4c
[LiquidityService] Created new price history at 12:54:00 AM
[LiquidityService] Synced pool state: reserveTRX=3931235025, reserveCHIP=1445582152
[EventListener] Polled 20 events from contract TQiG3UXV9uSLyW5Ax7Pa9WwcT9EhEJnU4c
[EventListener] Polled 20 events from contract TQiG3UXV9uSLyW5Ax7Pa9WwcT9EhEJnU4c
[LiquidityService] Synced pool state: reserveTRX=3931235025, reserveCHIP=1445582152
[EventListener] Polled 20 events from contract TQiG3UXV9uSLyW5Ax7Pa9WwcT9EhEJnU4c
[EventListener] Polled 20 events from contract TQiG3UXV9uSLyW5Ax7Pa9WwcT9EhEJnU4c
[LiquidityService] Created new price history at 12:55:00 AM
[LiquidityService] Synced pool state: reserveTRX=3931235025, reserveCHIP=1445582152
